TN:
SF:src/App.tsx
FN:13,App
FNF:1
FNH:0
FNDA:0,App
DA:14,0
LF:1
LH:0
BRF:0
BRH:0
end_of_record
TN:
SF:src/components/AIAssistantSettings.tsx
FN:11,(anonymous_0)
FN:23,(anonymous_1)
FN:43,(anonymous_2)
FN:64,(anonymous_3)
FN:92,(anonymous_4)
FN:108,(anonymous_5)
FN:112,(anonymous_6)
FN:127,(anonymous_7)
FN:146,(anonymous_8)
FN:163,(anonymous_9)
FNF:10
FNH:0
FNDA:0,(anonymous_0)
FNDA:0,(anonymous_1)
FNDA:0,(anonymous_2)
FNDA:0,(anonymous_3)
FNDA:0,(anonymous_4)
FNDA:0,(anonymous_5)
FNDA:0,(anonymous_6)
FNDA:0,(anonymous_7)
FNDA:0,(anonymous_8)
FNDA:0,(anonymous_9)
DA:11,6
DA:12,0
DA:13,0
DA:15,0
DA:16,0
DA:17,0
DA:18,0
DA:19,0
DA:20,0
DA:23,0
DA:24,0
DA:25,0
DA:28,0
DA:29,0
DA:30,0
DA:31,0
DA:32,0
DA:35,0
DA:43,0
DA:44,0
DA:46,0
DA:47,0
DA:48,0
DA:55,0
DA:57,0
DA:58,0
DA:60,0
DA:64,0
DA:65,0
DA:68,0
DA:69,0
DA:72,0
DA:92,0
DA:108,0
DA:113,0
DA:127,0
DA:146,0
DA:163,0
LF:38
LH:1
BRDA:24,0,0,0
BRDA:24,0,1,0
BRDA:28,1,0,0
BRDA:28,1,1,0
BRDA:30,2,0,0
BRDA:30,2,1,0
BRDA:44,3,0,0
BRDA:44,3,1,0
BRDA:44,4,0,0
BRDA:44,4,1,0
BRDA:68,5,0,0
BRDA:68,5,1,0
BRDA:68,6,0,0
BRDA:68,6,1,0
BRDA:80,7,0,0
BRDA:80,7,1,0
BRDA:93,8,0,0
BRDA:93,8,1,0
BRDA:102,9,0,0
BRDA:102,9,1,0
BRDA:109,10,0,0
BRDA:109,10,1,0
BRDA:128,11,0,0
BRDA:128,11,1,0
BRDA:147,12,0,0
BRDA:147,12,1,0
BRDA:164,13,0,0
BRDA:164,13,1,0
BRDA:175,14,0,0
BRDA:175,14,1,0
BRDA:182,15,0,0
BRDA:182,15,1,0
BRDA:185,16,0,0
BRDA:185,16,1,0
BRDA:185,17,0,0
BRDA:185,17,1,0
BRF:36
BRH:0
end_of_record
TN:
SF:src/components/AvatarDisplay.tsx
FN:27,(anonymous_0)
FN:37,(anonymous_1)
FN:51,(anonymous_2)
FN:54,(anonymous_3)
FN:61,(anonymous_4)
FN:126,(anonymous_5)
FNF:6
FNH:5
FNDA:116,(anonymous_0)
FNDA:116,(anonymous_1)
FNDA:116,(anonymous_2)
FNDA:187,(anonymous_3)
FNDA:115,(anonymous_4)
FNDA:0,(anonymous_5)
DA:27,10
DA:37,116
DA:38,116
DA:40,116
DA:41,100
DA:42,0
DA:43,16
DA:44,0
DA:48,116
DA:51,116
DA:52,116
DA:54,187
DA:61,116
DA:62,115
DA:67,115
DA:68,115
DA:69,988
DA:72,115
DA:75,116
DA:90,116
DA:97,116
DA:110,116
DA:128,0
LF:23
LH:20
BRDA:30,0,0,0
BRDA:31,1,0,16
BRDA:33,2,0,116
BRDA:34,3,0,116
BRDA:38,4,0,0
BRDA:38,4,1,116
BRDA:40,5,0,100
BRDA:40,5,1,0
BRDA:40,5,2,16
BRDA:40,5,3,0
BRDA:83,6,0,0
BRDA:83,6,1,116
BRDA:87,7,0,1
BRDA:87,7,1,115
BRDA:104,8,0,0
BRDA:104,8,1,116
BRDA:117,9,0,1
BRDA:117,9,1,115
BRDA:138,10,0,116
BRDA:138,10,1,1
BRDA:152,11,0,116
BRDA:152,11,1,0
BRF:22
BRH:15
end_of_record
TN:
SF:src/components/ChatMessage.tsx
FN:14,(anonymous_0)
FN:22,(anonymous_1)
FN:29,(anonymous_2)
FN:39,(anonymous_3)
FN:49,(anonymous_4)
FNF:5
FNH:3
FNDA:8,(anonymous_0)
FNDA:8,(anonymous_1)
FNDA:8,(anonymous_2)
FNDA:0,(anonymous_3)
FNDA:0,(anonymous_4)
DA:14,6
DA:22,8
DA:23,8
DA:29,8
DA:30,8
DA:31,8
DA:32,5
DA:33,3
DA:34,0
DA:35,0
DA:39,8
DA:40,0
DA:41,0
DA:42,0
DA:43,0
DA:44,0
DA:45,0
DA:49,8
DA:50,0
DA:51,0
DA:55,8
LF:21
LH:11
BRDA:19,0,0,0
BRDA:20,1,0,0
BRDA:30,2,0,0
BRDA:30,2,1,8
BRDA:31,3,0,5
BRDA:31,3,1,3
BRDA:31,3,2,0
BRDA:31,3,3,0
BRDA:40,4,0,0
BRDA:40,4,1,0
BRDA:41,5,0,0
BRDA:41,5,1,0
BRDA:41,5,2,0
BRDA:41,5,3,0
BRDA:50,6,0,0
BRDA:50,6,1,0
BRDA:50,7,0,0
BRDA:50,7,1,0
BRDA:50,7,2,0
BRDA:56,8,0,0
BRDA:56,8,1,8
BRDA:59,9,0,8
BRDA:59,9,1,8
BRDA:62,10,0,8
BRDA:62,10,1,5
BRDA:71,11,0,8
BRDA:71,11,1,0
BRDA:72,12,0,0
BRDA:72,12,1,8
BRDA:72,13,0,8
BRDA:72,13,1,5
BRDA:79,14,0,8
BRDA:79,14,1,0
BRDA:91,15,0,8
BRDA:91,15,1,0
BRDA:91,15,2,0
BRDA:91,15,3,0
BRDA:91,15,4,0
BRDA:102,16,0,0
BRDA:102,16,1,0
BRF:40
BRH:14
end_of_record
TN:
SF:src/components/CommentInput.tsx
FN:24,(anonymous_0)
FN:42,(anonymous_1)
FN:51,(anonymous_2)
FN:57,(anonymous_3)
FN:71,(anonymous_4)
FN:81,(anonymous_5)
FN:85,(anonymous_6)
FNF:7
FNH:0
FNDA:0,(anonymous_0)
FNDA:0,(anonymous_1)
FNDA:0,(anonymous_2)
FNDA:0,(anonymous_3)
FNDA:0,(anonymous_4)
FNDA:0,(anonymous_5)
FNDA:0,(anonymous_6)
DA:24,1
DA:38,0
DA:39,0
DA:42,0
DA:43,0
DA:44,0
DA:45,0
DA:46,0
DA:51,0
DA:52,0
DA:53,0
DA:57,0
DA:58,0
DA:59,0
DA:60,0
DA:63,0
DA:64,0
DA:65,0
DA:66,0
DA:71,0
DA:73,0
DA:74,0
DA:75,0
DA:76,0
DA:81,0
DA:82,0
DA:85,0
DA:86,0
DA:87,0
DA:90,0
DA:92,0
LF:31
LH:1
BRDA:31,0,0,0
BRDA:32,1,0,0
BRDA:33,2,0,0
BRDA:34,3,0,0
BRDA:35,4,0,0
BRDA:44,5,0,0
BRDA:44,5,1,0
BRDA:52,6,0,0
BRDA:52,6,1,0
BRDA:52,7,0,0
BRDA:52,7,1,0
BRDA:59,8,0,0
BRDA:59,8,1,0
BRDA:63,9,0,0
BRDA:63,9,1,0
BRDA:63,10,0,0
BRDA:63,10,1,0
BRDA:65,11,0,0
BRDA:65,11,1,0
BRDA:73,12,0,0
BRDA:73,12,1,0
BRDA:73,13,0,0
BRDA:73,13,1,0
BRDA:75,14,0,0
BRDA:75,14,1,0
BRDA:75,15,0,0
BRDA:75,15,1,0
BRDA:75,15,2,0
BRDA:90,16,0,0
BRDA:90,16,1,0
BRDA:90,16,2,0
BRDA:95,17,0,0
BRDA:95,17,1,0
BRDA:111,18,0,0
BRDA:111,18,1,0
BRDA:116,19,0,0
BRDA:116,19,1,0
BRDA:139,20,0,0
BRDA:139,20,1,0
BRDA:172,21,0,0
BRDA:172,21,1,0
BRDA:173,22,0,0
BRDA:173,22,1,0
BRDA:175,23,0,0
BRDA:175,23,1,0
BRDA:186,24,0,0
BRDA:186,24,1,0
BRDA:195,25,0,0
BRDA:195,25,1,0
BRF:49
BRH:0
end_of_record
TN:
SF:src/components/DialogueCustomizer.tsx
FN:26,(anonymous_0)
FN:34,(anonymous_1)
FN:44,(anonymous_2)
FN:45,(anonymous_3)
FN:51,(anonymous_4)
FN:52,(anonymous_5)
FN:61,(anonymous_6)
FN:68,(anonymous_7)
FN:77,(anonymous_8)
FN:138,(anonymous_9)
FN:158,(anonymous_10)
FN:194,(anonymous_11)
FN:215,(anonymous_12)
FN:235,(anonymous_13)
FN:280,(anonymous_14)
FN:303,(anonymous_15)
FN:330,(anonymous_16)
FNF:17
FNH:14
FNDA:22,(anonymous_0)
FNDA:1,(anonymous_1)
FNDA:1,(anonymous_2)
FNDA:2,(anonymous_3)
FNDA:1,(anonymous_4)
FNDA:2,(anonymous_5)
FNDA:1,(anonymous_6)
FNDA:17,(anonymous_7)
FNDA:17,(anonymous_8)
FNDA:17,(anonymous_9)
FNDA:1,(anonymous_10)
FNDA:0,(anonymous_11)
FNDA:1,(anonymous_12)
FNDA:1,(anonymous_13)
FNDA:1,(anonymous_14)
FNDA:0,(anonymous_15)
FNDA:0,(anonymous_16)
DA:26,5
DA:32,22
DA:34,22
DA:35,1
DA:40,1
DA:41,1
DA:44,22
DA:45,1
DA:46,2
DA:48,1
DA:51,22
DA:52,2
DA:53,1
DA:54,1
DA:55,0
DA:56,1
DA:57,0
DA:61,22
DA:62,1
DA:63,1
DA:64,1
DA:65,1
DA:68,22
DA:69,17
DA:70,8
DA:71,8
DA:72,1
DA:73,0
DA:77,22
DA:78,17
DA:79,8
DA:80,8
DA:81,1
DA:82,0
DA:86,22
DA:139,17
DA:158,1
DA:195,0
DA:196,0
DA:216,1
DA:217,1
DA:236,1
DA:237,1
DA:280,1
DA:303,0
DA:330,0
LF:46
LH:38
BRDA:29,0,0,11
BRDA:30,1,0,22
BRDA:46,2,0,1
BRDA:46,2,1,1
BRDA:54,3,0,0
BRDA:54,3,1,1
BRDA:56,4,0,0
BRDA:56,4,1,1
BRDA:56,5,0,1
BRDA:56,5,1,0
BRDA:69,6,0,8
BRDA:69,6,1,8
BRDA:69,6,2,1
BRDA:69,6,3,0
BRDA:78,7,0,8
BRDA:78,7,1,8
BRDA:78,7,2,1
BRDA:78,7,3,0
BRDA:114,8,0,3
BRDA:114,8,1,19
BRDA:116,9,0,3
BRDA:116,9,1,19
BRDA:123,10,0,14
BRDA:123,10,1,8
BRDA:152,11,0,1
BRDA:152,11,1,16
BRDA:158,12,0,0
BRDA:158,12,1,1
BRDA:174,13,0,17
BRDA:174,13,1,0
BRDA:181,14,0,17
BRDA:181,14,1,0
BRDA:182,15,0,0
BRDA:182,15,1,17
BRDA:191,16,0,17
BRDA:191,16,1,9
BRDA:212,17,0,17
BRDA:212,17,1,9
BRDA:254,18,0,1
BRDA:254,18,1,16
BRDA:260,19,0,17
BRDA:260,19,1,1
BRDA:352,20,0,22
BRDA:352,20,1,8
BRDA:361,21,0,8
BRDA:361,21,1,0
BRF:46
BRH:36
end_of_record
TN:
SF:src/components/ImageUpload.tsx
FN:46,(anonymous_0)
FN:69,(anonymous_1)
FN:75,(anonymous_2)
FN:86,(anonymous_3)
FN:88,(anonymous_4)
FN:100,(anonymous_5)
FN:111,(anonymous_6)
FN:118,(anonymous_7)
FN:125,(anonymous_8)
FN:133,(anonymous_9)
FN:139,(anonymous_10)
FN:150,(anonymous_11)
FN:155,(anonymous_12)
FN:158,(anonymous_13)
FN:167,(anonymous_14)
FN:168,(anonymous_15)
FN:185,(anonymous_16)
FN:196,(anonymous_17)
FN:209,(anonymous_18)
FN:220,(anonymous_19)
FN:228,(anonymous_20)
FN:229,(anonymous_21)
FN:247,(anonymous_22)
FN:253,(anonymous_23)
FN:268,(anonymous_24)
FN:396,(anonymous_25)
FNF:26
FNH:22
FNDA:62,(anonymous_0)
FNDA:36,(anonymous_1)
FNDA:1,(anonymous_2)
FNDA:6,(anonymous_3)
FNDA:6,(anonymous_4)
FNDA:1,(anonymous_5)
FNDA:2,(anonymous_6)
FNDA:6,(anonymous_7)
FNDA:1,(anonymous_8)
FNDA:1,(anonymous_9)
FNDA:1,(anonymous_10)
FNDA:0,(anonymous_11)
FNDA:2,(anonymous_12)
FNDA:2,(anonymous_13)
FNDA:0,(anonymous_14)
FNDA:0,(anonymous_15)
FNDA:1,(anonymous_16)
FNDA:1,(anonymous_17)
FNDA:0,(anonymous_18)
FNDA:1,(anonymous_19)
FNDA:36,(anonymous_20)
FNDA:36,(anonymous_21)
FNDA:60,(anonymous_22)
FNDA:60,(anonymous_23)
FNDA:5,(anonymous_24)
FNDA:2,(anonymous_25)
DA:46,7
DA:57,62
DA:58,62
DA:59,62
DA:69,62
DA:70,36
DA:71,2
DA:75,62
DA:76,1
DA:86,62
DA:88,6
DA:97,6
DA:99,6
DA:100,1
DA:105,1
DA:109,5
DA:110,5
DA:111,5
DA:118,62
DA:119,6
DA:121,6
DA:122,6
DA:125,62
DA:126,1
DA:127,1
DA:128,1
DA:129,1
DA:133,62
DA:134,1
DA:135,1
DA:136,1
DA:139,62
DA:140,1
DA:141,1
DA:142,1
DA:144,1
DA:146,1
DA:147,1
DA:150,62
DA:151,0
DA:152,0
DA:155,62
DA:156,2
DA:158,2
DA:165,2
DA:167,2
DA:168,0
DA:176,2
DA:177,2
DA:179,0
DA:182,2
DA:184,2
DA:185,1
DA:191,1
DA:194,1
DA:196,1
DA:203,1
DA:207,0
DA:209,0
DA:216,0
DA:220,62
DA:221,1
DA:222,0
DA:224,1
DA:228,62
DA:229,36
DA:230,36
DA:231,0
DA:236,62
DA:247,62
DA:248,60
DA:249,60
DA:250,52
DA:253,62
DA:254,60
DA:255,60
DA:256,27
DA:258,60
DA:261,62
DA:268,5
DA:397,2
LF:81
LH:72
BRDA:53,0,0,62
BRDA:54,1,0,60
BRDA:55,2,0,31
BRDA:70,3,0,2
BRDA:70,3,1,34
BRDA:70,4,0,36
BRDA:70,4,1,6
BRDA:99,5,0,1
BRDA:99,5,1,5
BRDA:109,6,0,5
BRDA:109,6,1,0
BRDA:119,7,0,0
BRDA:119,7,1,6
BRDA:119,8,0,6
BRDA:119,8,1,6
BRDA:128,9,0,1
BRDA:128,9,1,0
BRDA:144,10,0,0
BRDA:144,10,1,1
BRDA:151,11,0,0
BRDA:151,11,1,0
BRDA:151,12,0,0
BRDA:151,12,1,0
BRDA:156,13,0,0
BRDA:156,13,1,2
BRDA:156,14,0,2
BRDA:156,14,1,2
BRDA:176,15,0,2
BRDA:176,15,1,0
BRDA:184,16,0,1
BRDA:184,16,1,1
BRDA:200,17,0,1
BRDA:200,17,1,0
BRDA:203,18,0,1
BRDA:203,18,1,0
BRDA:207,19,0,0
BRDA:207,19,1,0
BRDA:221,20,0,0
BRDA:221,20,1,1
BRDA:230,21,0,0
BRDA:230,21,1,36
BRDA:237,22,0,1
BRDA:237,22,1,61
BRDA:241,23,0,1
BRDA:241,23,1,61
BRDA:241,24,0,2
BRDA:241,24,1,59
BRDA:242,25,0,4
BRDA:242,25,1,58
BRDA:242,26,0,62
BRDA:242,26,1,60
BRDA:248,27,0,0
BRDA:248,27,1,60
BRDA:249,28,0,8
BRDA:249,28,1,52
BRDA:250,29,0,38
BRDA:250,29,1,14
BRDA:255,30,0,27
BRDA:255,30,1,33
BRDA:255,31,0,60
BRDA:255,31,1,27
BRDA:274,32,0,62
BRDA:274,32,1,3
BRDA:274,32,2,3
BRDA:277,33,0,3
BRDA:277,33,1,0
BRDA:283,34,0,3
BRDA:283,34,1,0
BRDA:284,35,0,3
BRDA:284,35,1,0
BRDA:286,36,0,3
BRDA:286,36,1,0
BRDA:302,37,0,62
BRDA:302,37,1,2
BRDA:338,38,0,62
BRDA:338,38,1,0
BRDA:338,38,2,0
BRDA:355,39,0,62
BRDA:355,39,1,60
BRDA:359,40,0,8
BRDA:359,40,1,52
BRDA:383,41,0,62
BRDA:383,41,1,1
BRDA:404,42,0,62
BRDA:404,42,1,1
BRDA:418,43,0,62
BRDA:418,43,1,10
BRDA:418,43,2,8
BRDA:418,43,3,8
BRDA:437,44,0,8
BRDA:437,44,1,0
BRF:91
BRH:67
end_of_record
TN:
SF:src/components/PostActions.tsx
FN:17,(anonymous_0)
FNF:1
FNH:0
FNDA:0,(anonymous_0)
DA:17,1
DA:29,0
LF:2
LH:1
BRDA:22,0,0,0
BRDA:23,1,0,0
BRDA:24,2,0,0
BRDA:25,3,0,0
BRDA:26,4,0,0
BRDA:27,5,0,0
BRDA:36,6,0,0
BRDA:36,6,1,0
BRDA:37,7,0,0
BRDA:37,7,1,0
BRDA:39,8,0,0
BRDA:39,8,1,0
BRDA:41,9,0,0
BRDA:41,9,1,0
BRDA:42,10,0,0
BRDA:42,10,1,0
BRDA:54,11,0,0
BRDA:54,11,1,0
BRDA:73,12,0,0
BRDA:73,12,1,0
BRDA:74,13,0,0
BRDA:74,13,1,0
BRDA:76,14,0,0
BRDA:76,14,1,0
BRDA:78,15,0,0
BRDA:78,15,1,0
BRDA:86,16,0,0
BRDA:86,16,1,0
BRDA:87,17,0,0
BRDA:87,17,1,0
BRDA:89,18,0,0
BRDA:89,18,1,0
BRDA:91,19,0,0
BRDA:91,19,1,0
BRDA:97,20,0,0
BRDA:97,20,1,0
BRDA:97,20,2,0
BRDA:99,21,0,0
BRDA:99,21,1,0
BRDA:101,22,0,0
BRDA:101,22,1,0
BRDA:104,23,0,0
BRDA:104,23,1,0
BRDA:106,24,0,0
BRDA:106,24,1,0
BRF:45
BRH:0
end_of_record
TN:
SF:src/components/PostComment.tsx
FN:22,(anonymous_0)
FN:37,(anonymous_1)
FN:57,(anonymous_2)
FN:67,(anonymous_3)
FN:140,(anonymous_4)
FN:151,(anonymous_5)
FN:162,(anonymous_6)
FN:176,(anonymous_7)
FNF:8
FNH:0
FNDA:0,(anonymous_0)
FNDA:0,(anonymous_1)
FNDA:0,(anonymous_2)
FNDA:0,(anonymous_3)
FNDA:0,(anonymous_4)
FNDA:0,(anonymous_5)
FNDA:0,(anonymous_6)
FNDA:0,(anonymous_7)
DA:22,1
DA:37,0
DA:38,0
DA:39,0
DA:40,0
DA:42,0
DA:43,0
DA:44,0
DA:45,0
DA:46,0
DA:48,0
DA:57,0
DA:58,0
DA:59,0
DA:60,0
DA:61,0
DA:62,0
DA:63,0
DA:67,0
DA:68,0
DA:69,0
DA:70,0
DA:71,0
DA:72,0
DA:73,0
DA:77,0
DA:79,0
DA:140,0
DA:151,0
DA:162,0
DA:176,0
LF:31
LH:1
BRDA:28,0,0,0
BRDA:29,1,0,0
BRDA:30,2,0,0
BRDA:31,3,0,0
BRDA:32,4,0,0
BRDA:33,5,0,0
BRDA:35,6,0,0
BRDA:42,7,0,0
BRDA:42,7,1,0
BRDA:44,8,0,0
BRDA:44,8,1,0
BRDA:45,9,0,0
BRDA:45,9,1,0
BRDA:58,10,0,0
BRDA:58,10,1,0
BRDA:59,11,0,0
BRDA:59,11,1,0
BRDA:59,11,2,0
BRDA:59,11,3,0
BRDA:68,12,0,0
BRDA:68,12,1,0
BRDA:69,13,0,0
BRDA:69,13,1,0
BRDA:69,13,2,0
BRDA:69,13,3,0
BRDA:80,14,0,0
BRDA:80,14,1,0
BRDA:86,15,0,0
BRDA:86,15,1,0
BRDA:101,16,0,0
BRDA:101,16,1,0
BRDA:102,17,0,0
BRDA:102,17,1,0
BRDA:102,18,0,0
BRDA:102,18,1,0
BRDA:105,19,0,0
BRDA:105,19,1,0
BRDA:111,20,0,0
BRDA:111,20,1,0
BRDA:122,21,0,0
BRDA:122,21,1,0
BRDA:122,21,2,0
BRDA:141,22,0,0
BRDA:141,22,1,0
BRDA:143,23,0,0
BRDA:143,23,1,0
BRDA:146,24,0,0
BRDA:146,24,1,0
BRDA:152,25,0,0
BRDA:152,25,1,0
BRDA:154,26,0,0
BRDA:154,26,1,0
BRDA:157,27,0,0
BRDA:157,27,1,0
BRDA:171,28,0,0
BRDA:171,28,1,0
BRDA:171,28,2,0
BRDA:171,28,3,0
BRDA:171,28,4,0
BRDA:181,29,0,0
BRDA:181,29,1,0
BRF:61
BRH:0
end_of_record
TN:
SF:src/components/RoleSelection.tsx
FN:5,(anonymous_0)
FN:10,(anonymous_1)
FN:23,(anonymous_2)
FN:76,(anonymous_3)
FN:93,(anonymous_4)
FN:110,(anonymous_5)
FNF:6
FNH:4
FNDA:5,(anonymous_0)
FNDA:2,(anonymous_1)
FNDA:0,(anonymous_2)
FNDA:0,(anonymous_3)
FNDA:1,(anonymous_4)
FNDA:1,(anonymous_5)
DA:5,4
DA:6,5
DA:7,5
DA:8,5
DA:10,5
DA:11,2
DA:12,2
DA:14,2
DA:15,2
DA:17,0
DA:19,2
DA:23,5
DA:24,0
DA:25,0
DA:27,0
DA:31,5
DA:76,0
DA:93,1
DA:110,1
LF:19
LH:14
BRDA:17,0,0,0
BRDA:17,0,1,0
BRDA:55,1,0,3
BRDA:55,1,1,2
BRDA:64,2,0,5
BRDA:64,2,1,0
BRDA:75,3,0,2
BRDA:75,3,1,3
BRDA:75,4,0,0
BRDA:75,4,1,5
BRDA:76,5,0,0
BRDA:76,5,1,0
BRDA:79,6,0,0
BRDA:79,6,1,5
BRDA:82,7,0,2
BRDA:82,7,1,3
BRDA:83,8,0,0
BRDA:83,8,1,5
BRDA:84,9,0,2
BRDA:84,9,1,3
BRDA:92,10,0,2
BRDA:92,10,1,3
BRDA:92,11,0,2
BRDA:92,11,1,3
BRDA:93,12,0,1
BRDA:93,12,1,1
BRDA:96,13,0,2
BRDA:96,13,1,3
BRDA:99,14,0,2
BRDA:99,14,1,3
BRDA:100,15,0,2
BRDA:100,15,1,3
BRDA:101,16,0,2
BRDA:101,16,1,3
BRDA:109,17,0,2
BRDA:109,17,1,3
BRDA:109,18,0,1
BRDA:109,18,1,4
BRDA:110,19,0,1
BRDA:110,19,1,1
BRDA:113,20,0,1
BRDA:113,20,1,4
BRDA:116,21,0,2
BRDA:116,21,1,3
BRDA:117,22,0,1
BRDA:117,22,1,4
BRDA:118,23,0,2
BRDA:118,23,1,3
BRDA:126,24,0,5
BRDA:126,24,1,2
BRF:50
BRH:42
end_of_record
TN:
SF:src/components/RoomCard.tsx
FN:17,(anonymous_0)
FN:61,(anonymous_1)
FNF:2
FNH:2
FNDA:21,(anonymous_0)
FNDA:5,(anonymous_1)
DA:17,3
DA:25,21
DA:61,5
LF:3
LH:3
BRDA:21,0,0,0
BRDA:22,1,0,13
BRDA:23,2,0,0
BRDA:33,3,0,21
BRDA:33,3,1,1
BRDA:51,4,0,21
BRDA:51,4,1,15
BRDA:55,5,0,21
BRDA:55,5,1,15
BRDA:57,6,0,21
BRDA:57,6,1,5
BRDA:59,7,0,21
BRDA:59,7,1,0
BRDA:67,8,0,0
BRDA:67,8,1,21
BRDA:71,9,0,0
BRDA:71,9,1,21
BRF:17
BRH:12
end_of_record
TN:
SF:src/components/RoomPost.tsx
FN:19,(anonymous_0)
FN:31,(anonymous_1)
FNF:2
FNH:0
FNDA:0,(anonymous_0)
FNDA:0,(anonymous_1)
DA:19,1
DA:31,0
DA:32,0
DA:40,0
LF:4
LH:1
BRDA:27,0,0,0
BRDA:28,1,0,0
BRDA:29,2,0,0
BRDA:47,3,0,0
BRDA:47,3,1,0
BRDA:53,4,0,0
BRDA:53,4,1,0
BRDA:66,5,0,0
BRDA:66,5,1,0
BRDA:71,6,0,0
BRDA:71,6,1,0
BRDA:82,7,0,0
BRDA:82,7,1,0
BRDA:87,8,0,0
BRDA:87,8,1,0
BRDA:103,9,0,0
BRDA:103,9,1,0
BRDA:109,10,0,0
BRDA:109,10,1,0
BRDA:112,11,0,0
BRDA:112,11,1,0
BRDA:112,11,2,0
BRDA:116,12,0,0
BRDA:116,12,1,0
BRDA:120,13,0,0
BRDA:120,13,1,0
BRDA:124,14,0,0
BRDA:124,14,1,0
BRF:28
BRH:0
end_of_record
TN:
SF:src/components/SimpleLogin.tsx
FN:5,(anonymous_0)
FN:12,(anonymous_1)
FN:55,(anonymous_2)
FN:80,(anonymous_3)
FN:95,(anonymous_4)
FN:110,(anonymous_5)
FNF:6
FNH:5
FNDA:22,(anonymous_0)
FNDA:5,(anonymous_1)
FNDA:4,(anonymous_2)
FNDA:0,(anonymous_3)
FNDA:2,(anonymous_4)
FNDA:1,(anonymous_5)
DA:5,5
DA:6,22
DA:7,21
DA:8,21
DA:9,21
DA:10,21
DA:12,21
DA:13,5
DA:14,5
DA:16,5
DA:17,1
DA:18,1
DA:21,4
DA:23,4
DA:24,4
DA:25,4
DA:26,2
DA:29,1
DA:30,1
DA:35,1
DA:37,3
DA:38,3
DA:42,21
DA:55,4
DA:80,0
DA:95,2
DA:110,1
LF:27
LH:26
BRDA:16,0,0,1
BRDA:16,0,1,4
BRDA:35,1,0,1
BRDA:35,1,1,0
BRDA:122,2,0,21
BRDA:122,2,1,2
BRDA:138,3,0,4
BRDA:138,3,1,17
BRDA:142,4,0,4
BRDA:142,4,1,17
BRDA:145,5,0,4
BRDA:145,5,1,17
BRDA:149,6,0,21
BRDA:149,6,1,4
BRF:14
BRH:13
end_of_record
TN:
SF:src/contexts/AuthContext.tsx
FN:7,(anonymous_0)
FN:16,(anonymous_1)
FN:47,(anonymous_2)
FN:52,(anonymous_3)
FN:61,(anonymous_4)
FN:63,(anonymous_5)
FN:90,(anonymous_6)
FN:127,(anonymous_7)
FN:237,(anonymous_8)
FN:253,(anonymous_9)
FN:264,(anonymous_10)
FN:304,(anonymous_11)
FNF:12
FNH:11
FNDA:61,(anonymous_0)
FNDA:3,(anonymous_1)
FNDA:120,(anonymous_2)
FNDA:70,(anonymous_3)
FNDA:53,(anonymous_4)
FNDA:53,(anonymous_5)
FNDA:5,(anonymous_6)
FNDA:4,(anonymous_7)
FNDA:2,(anonymous_8)
FNDA:2,(anonymous_9)
FNDA:6,(anonymous_10)
FNDA:0,(anonymous_11)
DA:5,9
DA:7,9
DA:8,61
DA:9,60
DA:10,4
DA:12,56
DA:16,9
DA:18,3
DA:21,3
DA:24,3
DA:25,3
DA:26,15
DA:27,15
DA:28,250
DA:29,250
DA:31,15
DA:35,3
DA:36,3
DA:37,3
DA:38,3
DA:39,3
DA:41,3
DA:45,9
DA:47,9
DA:48,120
DA:49,120
DA:52,120
DA:53,70
DA:61,120
DA:63,53
DA:64,53
DA:65,53
DA:66,53
DA:68,53
DA:69,10
DA:70,9
DA:75,9
DA:77,43
DA:80,1
DA:81,1
DA:83,53
DA:87,53
DA:90,120
DA:91,5
DA:92,5
DA:93,5
DA:96,5
DA:97,5
DA:98,5
DA:101,5
DA:102,7
DA:103,7
DA:105,7
DA:110,6
DA:111,3
DA:112,3
DA:114,3
DA:115,3
DA:116,3
DA:119,1
DA:120,1
DA:124,4
DA:125,4
DA:126,4
DA:127,4
DA:131,3
DA:132,0
DA:133,0
DA:136,0
DA:137,0
DA:147,0
DA:148,0
DA:150,0
DA:151,0
DA:157,3
DA:160,3
DA:161,3
DA:167,3
DA:168,0
DA:169,0
DA:174,3
DA:175,1
DA:177,1
DA:187,1
DA:188,0
DA:189,0
DA:192,1
DA:195,2
DA:204,2
DA:207,2
DA:208,2
DA:219,2
DA:220,1
DA:221,1
DA:224,1
DA:225,1
DA:229,2
DA:230,2
DA:233,2
DA:234,2
DA:237,2
DA:239,0
DA:245,1
DA:246,1
DA:249,1
DA:253,120
DA:254,2
DA:259,2
DA:260,2
DA:261,2
DA:264,120
DA:265,6
DA:267,5
DA:272,5
DA:273,5
DA:283,5
DA:284,1
DA:285,1
DA:289,4
DA:295,4
DA:296,4
DA:298,4
DA:304,120
DA:305,0
DA:307,0
DA:310,0
DA:311,0
DA:321,0
DA:322,0
DA:323,0
DA:327,0
DA:333,0
DA:334,0
DA:336,0
DA:342,120
DA:351,120
LF:136
LH:112
BRDA:9,0,0,4
BRDA:9,0,1,56
BRDA:68,1,0,10
BRDA:68,1,1,43
BRDA:110,2,0,3
BRDA:110,2,1,3
BRDA:124,3,0,4
BRDA:124,3,1,0
BRDA:131,4,0,0
BRDA:131,4,1,3
BRDA:167,5,0,0
BRDA:167,5,1,3
BRDA:167,6,0,3
BRDA:167,6,1,2
BRDA:174,7,0,1
BRDA:174,7,1,2
BRDA:187,8,0,0
BRDA:187,8,1,1
BRDA:219,9,0,1
BRDA:219,9,1,1
BRDA:265,10,0,1
BRDA:265,10,1,5
BRDA:283,11,0,1
BRDA:283,11,1,4
BRDA:305,12,0,0
BRDA:305,12,1,0
BRDA:321,13,0,0
BRDA:321,13,1,0
BRF:28
BRH:20
end_of_record
TN:
SF:src/contexts/RoomContext.tsx
FN:14,(anonymous_0)
FN:22,(anonymous_1)
FN:35,(anonymous_2)
FN:45,(anonymous_3)
FN:61,(anonymous_4)
FN:66,(anonymous_5)
FN:72,(anonymous_6)
FN:75,(anonymous_7)
FN:76,(anonymous_8)
FN:81,(anonymous_9)
FN:83,(anonymous_10)
FN:83,(anonymous_11)
FN:85,(anonymous_12)
FN:92,(anonymous_13)
FN:100,(anonymous_14)
FN:120,(anonymous_15)
FN:122,(anonymous_16)
FN:134,(anonymous_17)
FN:145,(anonymous_18)
FN:152,(anonymous_19)
FN:153,(anonymous_20)
FN:155,(anonymous_21)
FN:155,(anonymous_22)
FN:158,(anonymous_23)
FN:162,(anonymous_24)
FN:163,(anonymous_25)
FN:181,(anonymous_26)
FN:228,(anonymous_27)
FN:255,(anonymous_28)
FN:282,(anonymous_29)
FN:312,(anonymous_30)
FN:319,(anonymous_31)
FN:346,(anonymous_32)
FN:362,(anonymous_33)
FN:362,(anonymous_34)
FN:370,(anonymous_35)
FN:370,(anonymous_36)
FN:378,(anonymous_37)
FN:397,(anonymous_38)
FN:422,(anonymous_39)
FN:491,(anonymous_40)
FN:514,(anonymous_41)
FN:519,(anonymous_42)
FN:542,(anonymous_43)
FN:552,(anonymous_44)
FNF:45
FNH:20
FNDA:71,(anonymous_0)
FNDA:94,(anonymous_1)
FNDA:0,(anonymous_2)
FNDA:64,(anonymous_3)
FNDA:0,(anonymous_4)
FNDA:0,(anonymous_5)
FNDA:0,(anonymous_6)
FNDA:0,(anonymous_7)
FNDA:0,(anonymous_8)
FNDA:0,(anonymous_9)
FNDA:0,(anonymous_10)
FNDA:0,(anonymous_11)
FNDA:0,(anonymous_12)
FNDA:2,(anonymous_13)
FNDA:2,(anonymous_14)
FNDA:0,(anonymous_15)
FNDA:0,(anonymous_16)
FNDA:64,(anonymous_17)
FNDA:2,(anonymous_18)
FNDA:62,(anonymous_19)
FNDA:17,(anonymous_20)
FNDA:16,(anonymous_21)
FNDA:0,(anonymous_22)
FNDA:62,(anonymous_23)
FNDA:64,(anonymous_24)
FNDA:64,(anonymous_25)
FNDA:5,(anonymous_26)
FNDA:13,(anonymous_27)
FNDA:0,(anonymous_28)
FNDA:3,(anonymous_29)
FNDA:9,(anonymous_30)
FNDA:2,(anonymous_31)
FNDA:0,(anonymous_32)
FNDA:0,(anonymous_33)
FNDA:0,(anonymous_34)
FNDA:0,(anonymous_35)
FNDA:0,(anonymous_36)
FNDA:1,(anonymous_37)
FNDA:0,(anonymous_38)
FNDA:1,(anonymous_39)
FNDA:0,(anonymous_40)
FNDA:0,(anonymous_41)
FNDA:0,(anonymous_42)
FNDA:0,(anonymous_43)
FNDA:0,(anonymous_44)
DA:12,9
DA:14,9
DA:15,71
DA:16,70
DA:17,4
DA:19,66
DA:22,9
DA:23,94
DA:24,94
DA:25,94
DA:26,94
DA:27,94
DA:28,94
DA:29,94
DA:30,94
DA:31,94
DA:32,94
DA:35,94
DA:36,0
DA:45,94
DA:46,64
DA:48,2
DA:50,2
DA:52,2
DA:62,0
DA:63,0
DA:64,0
DA:66,0
DA:67,0
DA:68,0
DA:73,0
DA:74,0
DA:75,0
DA:76,0
DA:77,0
DA:82,0
DA:83,0
DA:86,0
DA:90,2
DA:92,2
DA:93,2
DA:94,2
DA:95,0
DA:100,94
DA:101,2
DA:103,2
DA:104,2
DA:110,0
DA:111,0
DA:112,0
DA:115,0
DA:117,0
DA:120,0
DA:122,0
DA:125,0
DA:129,2
DA:134,94
DA:135,64
DA:137,2
DA:140,2
DA:143,2
DA:145,2
DA:146,2
DA:147,2
DA:152,94
DA:153,62
DA:154,17
DA:155,17
DA:158,62
DA:162,94
DA:163,64
DA:164,64
DA:165,62
DA:166,62
DA:169,2
DA:170,2
DA:171,2
DA:173,0
DA:174,0
DA:178,64
DA:181,94
DA:182,5
DA:183,2
DA:186,3
DA:187,3
DA:188,3
DA:191,3
DA:192,1
DA:193,1
DA:194,1
DA:198,1
DA:201,1
DA:205,1
DA:209,3
DA:220,3
DA:222,2
DA:224,3
DA:228,94
DA:229,13
DA:230,13
DA:232,13
DA:239,13
DA:242,12
DA:248,12
DA:251,12
DA:252,12
DA:253,0
DA:255,0
DA:257,0
DA:258,0
DA:260,0
DA:275,0
DA:279,12
DA:280,12
DA:281,12
DA:282,12
DA:286,12
DA:287,12
DA:291,12
DA:296,0
DA:299,0
DA:302,0
DA:304,0
DA:305,0
DA:306,0
DA:308,13
DA:312,94
DA:313,9
DA:314,9
DA:315,9
DA:316,9
DA:319,94
DA:320,2
DA:321,2
DA:324,0
DA:325,0
DA:328,0
DA:331,0
DA:346,0
DA:348,0
DA:359,0
DA:360,0
DA:362,0
DA:363,0
DA:366,0
DA:369,0
DA:370,0
DA:371,0
DA:378,94
DA:379,1
DA:380,1
DA:383,0
DA:384,0
DA:387,0
DA:388,0
DA:391,0
DA:392,0
DA:395,0
DA:396,0
DA:397,0
DA:400,0
DA:401,0
DA:402,0
DA:406,0
DA:415,0
DA:416,0
DA:418,0
DA:422,94
DA:426,1
DA:427,1
DA:430,0
DA:431,0
DA:434,0
DA:435,0
DA:436,0
DA:437,0
DA:439,0
DA:446,0
DA:453,0
DA:460,0
DA:461,0
DA:464,0
DA:465,0
DA:468,0
DA:469,0
DA:472,0
DA:479,0
DA:480,0
DA:481,0
DA:484,0
DA:485,0
DA:487,0
DA:491,94
DA:492,0
DA:495,0
DA:496,0
DA:500,0
DA:501,0
DA:510,0
DA:514,0
DA:515,0
DA:519,94
DA:520,0
DA:523,0
DA:524,0
DA:525,0
DA:529,0
DA:530,0
DA:538,0
DA:542,94
DA:543,0
DA:545,0
DA:546,0
DA:553,0
DA:557,0
DA:558,0
DA:559,0
DA:560,0
DA:561,0
DA:562,0
DA:563,0
DA:564,0
DA:565,0
DA:568,94
DA:587,94
LF:225
LH:107
BRDA:16,0,0,4
BRDA:16,0,1,66
BRDA:38,1,0,0
BRDA:38,1,1,0
BRDA:38,2,0,0
BRDA:38,2,1,0
BRDA:39,3,0,0
BRDA:39,3,1,0
BRDA:40,4,0,0
BRDA:40,4,1,0
BRDA:46,5,0,62
BRDA:46,5,1,2
BRDA:74,6,0,0
BRDA:74,6,1,0
BRDA:101,7,0,0
BRDA:101,7,1,2
BRDA:110,8,0,0
BRDA:110,8,1,0
BRDA:115,9,0,0
BRDA:115,9,1,0
BRDA:135,10,0,62
BRDA:135,10,1,2
BRDA:164,11,0,62
BRDA:164,11,1,2
BRDA:182,12,0,2
BRDA:182,12,1,3
BRDA:182,13,0,5
BRDA:182,13,1,4
BRDA:191,14,0,1
BRDA:191,14,1,2
BRDA:198,15,0,0
BRDA:198,15,1,1
BRDA:220,16,0,1
BRDA:220,16,1,2
BRDA:239,17,0,1
BRDA:239,17,1,12
BRDA:248,18,0,0
BRDA:248,18,1,12
BRDA:252,19,0,0
BRDA:252,19,1,12
BRDA:252,20,0,12
BRDA:252,20,1,0
BRDA:280,21,0,12
BRDA:280,21,1,0
BRDA:281,22,0,12
BRDA:281,22,1,0
BRDA:286,23,0,12
BRDA:286,23,1,0
BRDA:296,24,0,0
BRDA:296,24,1,0
BRDA:299,25,0,0
BRDA:299,25,1,0
BRDA:306,26,0,0
BRDA:306,26,1,0
BRDA:320,27,0,2
BRDA:320,27,1,0
BRDA:320,28,0,2
BRDA:320,28,1,1
BRDA:324,29,0,0
BRDA:324,29,1,0
BRDA:342,30,0,0
BRDA:342,30,1,0
BRDA:359,31,0,0
BRDA:359,31,1,0
BRDA:369,32,0,0
BRDA:369,32,1,0
BRDA:371,33,0,0
BRDA:371,33,1,0
BRDA:372,34,0,0
BRDA:372,34,1,0
BRDA:379,35,0,1
BRDA:379,35,1,0
BRDA:379,36,0,1
BRDA:379,36,1,1
BRDA:383,37,0,0
BRDA:383,37,1,0
BRDA:387,38,0,0
BRDA:387,38,1,0
BRDA:395,39,0,0
BRDA:395,39,1,0
BRDA:397,40,0,0
BRDA:397,40,1,0
BRDA:400,41,0,0
BRDA:400,41,1,0
BRDA:426,42,0,1
BRDA:426,42,1,0
BRDA:426,43,0,1
BRDA:426,43,1,1
BRDA:430,44,0,0
BRDA:430,44,1,0
BRDA:436,45,0,0
BRDA:436,45,1,0
BRDA:437,46,0,0
BRDA:437,46,1,0
BRDA:441,47,0,0
BRDA:441,47,1,0
BRDA:442,48,0,0
BRDA:442,48,1,0
BRDA:460,49,0,0
BRDA:460,49,1,0
BRDA:468,50,0,0
BRDA:468,50,1,0
BRDA:479,51,0,0
BRDA:479,51,1,0
BRDA:492,52,0,0
BRDA:492,52,1,0
BRDA:492,53,0,0
BRDA:492,53,1,0
BRDA:492,53,2,0
BRDA:492,53,3,0
BRDA:495,54,0,0
BRDA:495,54,1,0
BRDA:520,55,0,0
BRDA:520,55,1,0
BRDA:520,56,0,0
BRDA:520,56,1,0
BRDA:520,56,2,0
BRDA:520,56,3,0
BRDA:523,57,0,0
BRDA:523,57,1,0
BRDA:543,58,0,0
BRDA:543,58,1,0
BRDA:543,59,0,0
BRDA:543,59,1,0
BRDA:553,60,0,0
BRDA:553,60,1,0
BRF:126
BRH:35
end_of_record
TN:
SF:src/pages/HomePage.tsx
FN:8,(anonymous_0)
FN:15,(anonymous_1)
FN:33,(anonymous_2)
FN:40,(anonymous_3)
FN:43,(anonymous_4)
FN:44,(anonymous_5)
FN:45,(anonymous_6)
FN:59,(anonymous_7)
FN:79,(anonymous_8)
FNF:9
FNH:2
FNDA:2,(anonymous_0)
FNDA:2,(anonymous_1)
FNDA:0,(anonymous_2)
FNDA:0,(anonymous_3)
FNDA:0,(anonymous_4)
FNDA:0,(anonymous_5)
FNDA:0,(anonymous_6)
FNDA:0,(anonymous_7)
FNDA:0,(anonymous_8)
DA:8,4
DA:9,2
DA:10,2
DA:11,2
DA:12,2
DA:15,2
DA:16,2
DA:22,2
DA:23,0
DA:24,0
DA:25,0
DA:26,0
DA:28,0
DA:33,2
DA:34,0
DA:35,0
DA:36,0
DA:37,0
DA:40,2
DA:41,0
DA:43,0
DA:44,0
DA:45,0
DA:47,0
DA:60,0
DA:79,0
DA:89,2
DA:91,2
DA:92,0
DA:93,0
DA:103,2
DA:104,2
DA:108,0
DA:109,0
DA:141,0
LF:35
LH:14
BRDA:22,0,0,0
BRDA:22,0,1,2
BRDA:22,1,0,2
BRDA:22,1,1,0
BRDA:41,2,0,0
BRDA:41,2,1,0
BRDA:63,3,0,0
BRDA:63,3,1,0
BRDA:63,4,0,0
BRDA:63,4,1,0
BRDA:66,5,0,0
BRDA:66,5,1,0
BRDA:91,6,0,0
BRDA:91,6,1,2
BRDA:103,7,0,2
BRDA:103,7,1,0
BRDA:103,8,0,2
BRDA:103,8,1,2
BRDA:108,9,0,0
BRDA:108,9,1,0
BRF:20
BRH:6
end_of_record
TN:
SF:src/pages/ObserverView.tsx
FN:16,(anonymous_0)
FN:25,(anonymous_1)
FN:26,(anonymous_2)
FN:31,(anonymous_3)
FN:34,(anonymous_4)
FN:45,(anonymous_5)
FN:58,(anonymous_6)
FN:66,(anonymous_7)
FN:71,(anonymous_8)
FN:127,(anonymous_9)
FNF:10
FNH:9
FNDA:23,(anonymous_0)
FNDA:11,(anonymous_1)
FNDA:0,(anonymous_2)
FNDA:11,(anonymous_3)
FNDA:12,(anonymous_4)
FNDA:11,(anonymous_5)
FNDA:1,(anonymous_6)
FNDA:11,(anonymous_7)
FNDA:2,(anonymous_8)
FNDA:10,(anonymous_9)
DA:16,2
DA:17,23
DA:18,22
DA:19,22
DA:20,22
DA:21,22
DA:22,22
DA:25,22
DA:26,11
DA:27,0
DA:30,11
DA:31,11
DA:34,22
DA:35,12
DA:36,12
DA:37,10
DA:39,2
DA:41,12
DA:45,22
DA:46,11
DA:49,11
DA:59,1
DA:61,1
DA:66,11
DA:67,11
DA:71,22
DA:72,2
DA:73,2
DA:75,2
DA:76,0
DA:77,0
DA:80,2
DA:81,1
DA:83,1
DA:84,1
DA:89,22
DA:90,22
DA:91,22
DA:93,22
DA:128,10
LF:40
LH:37
BRDA:37,0,0,10
BRDA:37,0,1,0
BRDA:75,1,0,0
BRDA:75,1,1,2
BRDA:91,2,0,1
BRDA:91,2,1,21
BRDA:91,3,0,21
BRDA:91,3,1,0
BRDA:113,4,0,22
BRDA:113,4,1,0
BRDA:122,5,0,22
BRDA:122,5,1,1
BRDA:123,6,0,11
BRDA:123,6,1,11
BRDA:125,7,0,8
BRDA:125,7,1,3
BRDA:126,8,0,8
BRDA:126,8,1,0
BRDA:131,9,0,10
BRDA:131,9,1,9
BRF:20
BRH:15
end_of_record
TN:
SF:src/pages/RoomPage.tsx
FN:11,(anonymous_0)
FN:38,(anonymous_1)
FN:40,(anonymous_2)
FN:46,(anonymous_3)
FN:52,(anonymous_4)
FN:56,(anonymous_5)
FN:75,(anonymous_6)
FN:87,(anonymous_7)
FN:91,(anonymous_8)
FN:100,(anonymous_9)
FN:102,(anonymous_10)
FN:112,(anonymous_11)
FN:122,(anonymous_12)
FN:138,(anonymous_13)
FN:141,(anonymous_14)
FN:153,(anonymous_15)
FN:158,(anonymous_16)
FN:178,(anonymous_17)
FN:197,(anonymous_18)
FN:206,(anonymous_19)
FN:267,(anonymous_20)
FN:284,(anonymous_21)
FN:314,(anonymous_22)
FN:322,(anonymous_23)
FN:367,(anonymous_24)
FN:369,(anonymous_25)
FN:387,(anonymous_26)
FN:435,(anonymous_27)
FN:440,(anonymous_28)
FN:441,(anonymous_29)
FN:447,(anonymous_30)
FN:456,(anonymous_31)
FN:465,(anonymous_32)
FN:475,(anonymous_33)
FNF:34
FNH:10
FNDA:115,(anonymous_0)
FNDA:22,(anonymous_1)
FNDA:0,(anonymous_2)
FNDA:22,(anonymous_3)
FNDA:22,(anonymous_4)
FNDA:1,(anonymous_5)
FNDA:1,(anonymous_6)
FNDA:0,(anonymous_7)
FNDA:0,(anonymous_8)
FNDA:0,(anonymous_9)
FNDA:0,(anonymous_10)
FNDA:0,(anonymous_11)
FNDA:0,(anonymous_12)
FNDA:0,(anonymous_13)
FNDA:0,(anonymous_14)
FNDA:0,(anonymous_15)
FNDA:0,(anonymous_16)
FNDA:0,(anonymous_17)
FNDA:0,(anonymous_18)
FNDA:0,(anonymous_19)
FNDA:12,(anonymous_20)
FNDA:6,(anonymous_21)
FNDA:0,(anonymous_22)
FNDA:0,(anonymous_23)
FNDA:168,(anonymous_24)
FNDA:5,(anonymous_25)
FNDA:0,(anonymous_26)
FNDA:0,(anonymous_27)
FNDA:0,(anonymous_28)
FNDA:0,(anonymous_29)
FNDA:0,(anonymous_30)
FNDA:0,(anonymous_31)
FNDA:0,(anonymous_32)
FNDA:0,(anonymous_33)
DA:11,8
DA:12,115
DA:13,113
DA:29,113
DA:31,113
DA:32,113
DA:33,113
DA:34,113
DA:35,113
DA:38,113
DA:39,22
DA:40,10
DA:41,0
DA:46,22
DA:47,22
DA:52,113
DA:53,22
DA:56,113
DA:57,1
DA:59,1
DA:61,1
DA:62,1
DA:64,1
DA:65,1
DA:66,1
DA:68,0
DA:69,0
DA:71,1
DA:75,113
DA:76,1
DA:77,1
DA:80,1
DA:81,1
DA:82,0
DA:83,0
DA:87,113
DA:88,0
DA:91,113
DA:92,0
DA:93,0
DA:95,0
DA:96,0
DA:100,113
DA:101,0
DA:102,0
DA:103,0
DA:104,0
DA:107,0
DA:108,0
DA:112,113
DA:113,0
DA:115,0
DA:116,0
DA:123,0
DA:127,0
DA:128,0
DA:129,0
DA:130,0
DA:131,0
DA:132,0
DA:133,0
DA:134,0
DA:135,0
DA:138,113
DA:139,0
DA:141,0
DA:142,0
DA:147,0
DA:148,0
DA:153,0
DA:158,0
DA:167,0
DA:168,0
DA:169,0
DA:170,0
DA:171,0
DA:172,0
DA:173,0
DA:174,0
DA:175,0
DA:178,113
DA:179,0
DA:181,0
DA:182,0
DA:184,0
DA:185,0
DA:187,0
DA:188,0
DA:190,0
DA:192,0
DA:193,0
DA:194,0
DA:196,0
DA:197,0
DA:198,0
DA:199,0
DA:201,0
DA:202,0
DA:203,0
DA:206,0
DA:207,0
DA:208,0
DA:210,0
DA:213,0
DA:216,113
DA:217,113
DA:218,113
DA:220,113
DA:221,1
DA:230,112
DA:231,13
DA:242,99
DA:268,12
DA:284,6
DA:314,0
DA:322,0
DA:369,168
DA:371,168
DA:388,0
DA:435,0
DA:440,0
DA:441,0
DA:448,0
DA:449,0
DA:457,0
DA:458,0
DA:466,0
DA:467,0
DA:475,0
LF:129
LH:48
BRDA:39,0,0,10
BRDA:39,0,1,12
BRDA:59,1,0,0
BRDA:59,1,1,1
BRDA:59,2,0,1
BRDA:59,2,1,1
BRDA:80,3,0,1
BRDA:80,3,1,0
BRDA:80,4,0,1
BRDA:80,4,1,1
BRDA:82,5,0,0
BRDA:82,5,1,0
BRDA:103,6,0,0
BRDA:103,6,1,0
BRDA:113,7,0,0
BRDA:113,7,1,0
BRDA:139,8,0,0
BRDA:139,8,1,0
BRDA:153,9,0,0
BRDA:153,9,1,0
BRDA:179,10,0,0
BRDA:179,10,1,0
BRDA:201,11,0,0
BRDA:201,11,1,0
BRDA:216,12,0,113
BRDA:216,12,1,109
BRDA:217,13,0,113
BRDA:217,13,1,109
BRDA:217,13,2,81
BRDA:220,14,0,1
BRDA:220,14,1,112
BRDA:230,15,0,13
BRDA:230,15,1,99
BRDA:248,16,0,99
BRDA:248,16,1,15
BRDA:253,17,0,99
BRDA:253,17,1,88
BRDA:256,18,0,99
BRDA:256,18,1,0
BRDA:256,18,2,0
BRDA:258,19,0,0
BRDA:258,19,1,0
BRDA:263,20,0,99
BRDA:263,20,1,11
BRDA:263,20,2,9
BRDA:277,21,0,12
BRDA:277,21,1,12
BRDA:284,22,0,9
BRDA:284,22,1,6
BRDA:284,22,2,0
BRDA:305,23,0,99
BRDA:305,23,1,72
BRDA:307,24,0,16
BRDA:307,24,1,56
BRDA:308,25,0,16
BRDA:308,25,1,56
BRDA:309,26,0,72
BRDA:309,26,1,16
BRDA:309,26,2,16
BRDA:320,27,0,72
BRDA:320,27,1,16
BRDA:323,28,0,16
BRDA:323,28,1,8
BRDA:326,29,0,8
BRDA:326,29,1,8
BRDA:349,30,0,99
BRDA:349,30,1,0
BRDA:360,31,0,99
BRDA:360,31,1,0
BRDA:362,32,0,14
BRDA:362,32,1,85
BRDA:377,33,0,24
BRDA:377,33,1,144
BRDA:377,34,0,168
BRDA:377,34,1,121
BRDA:378,35,0,168
BRDA:378,35,1,121
BRDA:385,36,0,99
BRDA:385,36,1,0
BRDA:403,37,0,11
BRDA:403,37,1,4
BRDA:417,38,0,4
BRDA:417,38,1,3
BRDA:419,39,0,1
BRDA:419,39,1,3
BRDA:424,40,0,11
BRDA:424,40,1,7
BRDA:424,40,2,7
BRDA:434,41,0,11
BRDA:434,41,1,0
BRDA:439,42,0,11
BRDA:439,42,1,0
BRF:92
BRH:66
end_of_record
TN:
SF:src/pages/RoomPagePost.tsx
FN:11,(anonymous_0)
FN:58,(anonymous_1)
FN:60,(anonymous_2)
FN:66,(anonymous_3)
FN:72,(anonymous_4)
FN:77,(anonymous_5)
FN:79,(anonymous_6)
FN:99,(anonymous_7)
FN:110,(anonymous_8)
FN:120,(anonymous_9)
FN:121,(anonymous_10)
FN:129,(anonymous_11)
FN:149,(anonymous_12)
FN:150,(anonymous_13)
FN:159,(anonymous_14)
FN:160,(anonymous_15)
FN:190,(anonymous_16)
FN:191,(anonymous_17)
FN:241,(anonymous_18)
FN:249,(anonymous_19)
FN:291,(anonymous_20)
FN:314,(anonymous_21)
FN:344,(anonymous_22)
FN:369,(anonymous_23)
FN:382,(anonymous_24)
FN:387,(anonymous_25)
FN:388,(anonymous_26)
FN:394,(anonymous_27)
FN:403,(anonymous_28)
FNF:29
FNH:0
FNDA:0,(anonymous_0)
FNDA:0,(anonymous_1)
FNDA:0,(anonymous_2)
FNDA:0,(anonymous_3)
FNDA:0,(anonymous_4)
FNDA:0,(anonymous_5)
FNDA:0,(anonymous_6)
FNDA:0,(anonymous_7)
FNDA:0,(anonymous_8)
FNDA:0,(anonymous_9)
FNDA:0,(anonymous_10)
FNDA:0,(anonymous_11)
FNDA:0,(anonymous_12)
FNDA:0,(anonymous_13)
FNDA:0,(anonymous_14)
FNDA:0,(anonymous_15)
FNDA:0,(anonymous_16)
FNDA:0,(anonymous_17)
FNDA:0,(anonymous_18)
FNDA:0,(anonymous_19)
FNDA:0,(anonymous_20)
FNDA:0,(anonymous_21)
FNDA:0,(anonymous_22)
FNDA:0,(anonymous_23)
FNDA:0,(anonymous_24)
FNDA:0,(anonymous_25)
FNDA:0,(anonymous_26)
FNDA:0,(anonymous_27)
FNDA:0,(anonymous_28)
DA:11,1
DA:12,0
DA:13,0
DA:29,0
DA:31,0
DA:32,0
DA:33,0
DA:34,0
DA:35,0
DA:38,0
DA:48,0
DA:55,0
DA:58,0
DA:59,0
DA:60,0
DA:61,0
DA:66,0
DA:67,0
DA:72,0
DA:73,0
DA:77,0
DA:79,0
DA:80,0
DA:82,0
DA:84,0
DA:85,0
DA:87,0
DA:88,0
DA:89,0
DA:90,0
DA:92,0
DA:93,0
DA:95,0
DA:99,0
DA:100,0
DA:103,0
DA:104,0
DA:105,0
DA:106,0
DA:110,0
DA:111,0
DA:112,0
DA:114,0
DA:115,0
DA:120,0
DA:121,0
DA:129,0
DA:130,0
DA:131,0
DA:132,0
DA:139,0
DA:140,0
DA:144,0
DA:145,0
DA:149,0
DA:150,0
DA:159,0
DA:160,0
DA:161,0
DA:163,0
DA:164,0
DA:175,0
DA:190,0
DA:191,0
DA:192,0
DA:193,0
DA:200,0
DA:201,0
DA:202,0
DA:204,0
DA:205,0
DA:214,0
DA:215,0
DA:228,0
DA:241,0
DA:249,0
DA:291,0
DA:315,0
DA:322,0
DA:345,0
DA:369,0
DA:382,0
DA:387,0
DA:388,0
DA:395,0
DA:396,0
DA:403,0
LF:87
LH:1
BRDA:59,0,0,0
BRDA:59,0,1,0
BRDA:77,1,0,0
BRDA:77,1,1,0
BRDA:82,2,0,0
BRDA:82,2,1,0
BRDA:82,3,0,0
BRDA:82,3,1,0
BRDA:103,4,0,0
BRDA:103,4,1,0
BRDA:103,5,0,0
BRDA:103,5,1,0
BRDA:105,6,0,0
BRDA:105,6,1,0
BRDA:124,7,0,0
BRDA:124,7,1,0
BRDA:130,8,0,0
BRDA:130,8,1,0
BRDA:130,9,0,0
BRDA:130,9,1,0
BRDA:133,10,0,0
BRDA:133,10,1,0
BRDA:134,11,0,0
BRDA:134,11,1,0
BRDA:153,12,0,0
BRDA:153,12,1,0
BRDA:161,13,0,0
BRDA:161,13,1,0
BRDA:163,14,0,0
BRDA:163,14,1,0
BRDA:170,15,0,0
BRDA:170,15,1,0
BRDA:171,16,0,0
BRDA:171,16,1,0
BRDA:181,17,0,0
BRDA:181,17,1,0
BRDA:182,18,0,0
BRDA:182,18,1,0
BRDA:192,19,0,0
BRDA:192,19,1,0
BRDA:195,20,0,0
BRDA:195,20,1,0
BRDA:200,21,0,0
BRDA:200,21,1,0
BRDA:201,22,0,0
BRDA:201,22,1,0
BRDA:201,22,2,0
BRDA:204,23,0,0
BRDA:204,23,1,0
BRDA:214,24,0,0
BRDA:214,24,1,0
BRDA:239,25,0,0
BRDA:239,25,1,0
BRDA:265,26,0,0
BRDA:265,26,1,0
BRDA:275,27,0,0
BRDA:275,27,1,0
BRDA:275,27,2,0
BRDA:283,28,0,0
BRDA:283,28,1,0
BRDA:284,29,0,0
BRDA:284,29,1,0
BRDA:284,29,2,0
BRDA:292,30,0,0
BRDA:292,30,1,0
BRDA:295,31,0,0
BRDA:295,31,1,0
BRDA:305,32,0,0
BRDA:305,32,1,0
BRDA:309,33,0,0
BRDA:309,33,1,0
BRDA:315,34,0,0
BRDA:315,34,1,0
BRDA:328,35,0,0
BRDA:328,35,1,0
BRDA:328,36,0,0
BRDA:328,36,1,0
BRDA:333,37,0,0
BRDA:333,37,1,0
BRDA:342,38,0,0
BRDA:342,38,1,0
BRDA:357,39,0,0
BRDA:357,39,1,0
BRDA:381,40,0,0
BRDA:381,40,1,0
BRDA:386,41,0,0
BRDA:386,41,1,0
BRF:87
BRH:0
end_of_record
TN:
SF:src/pages/StudentView.tsx
FN:21,(anonymous_0)
FN:28,(anonymous_1)
FN:64,(anonymous_2)
FN:77,(anonymous_3)
FN:95,(anonymous_4)
FN:103,(anonymous_5)
FN:118,(anonymous_6)
FN:136,(anonymous_7)
FN:153,(anonymous_8)
FN:164,(anonymous_9)
FN:174,(anonymous_10)
FN:279,(anonymous_11)
FN:302,(anonymous_12)
FNF:13
FNH:8
FNDA:35,(anonymous_0)
FNDA:17,(anonymous_1)
FNDA:0,(anonymous_2)
FNDA:12,(anonymous_3)
FNDA:17,(anonymous_4)
FNDA:0,(anonymous_5)
FNDA:0,(anonymous_6)
FNDA:0,(anonymous_7)
FNDA:17,(anonymous_8)
FNDA:3,(anonymous_9)
FNDA:3,(anonymous_10)
FNDA:0,(anonymous_11)
FNDA:16,(anonymous_12)
DA:21,2
DA:22,35
DA:23,34
DA:24,34
DA:25,33
DA:26,33
DA:28,33
DA:29,17
DA:30,17
DA:33,17
DA:34,17
DA:36,17
DA:37,17
DA:38,17
DA:40,17
DA:49,17
DA:50,0
DA:51,0
DA:53,17
DA:54,17
DA:55,17
DA:58,0
DA:59,0
DA:63,0
DA:64,0
DA:68,17
DA:69,0
DA:70,0
DA:72,0
DA:73,0
DA:77,17
DA:83,17
DA:84,17
DA:87,0
DA:88,0
DA:89,0
DA:91,17
DA:95,33
DA:96,17
DA:99,17
DA:100,17
DA:103,17
DA:104,0
DA:105,0
DA:106,0
DA:109,0
DA:119,0
DA:121,0
DA:127,0
DA:137,0
DA:139,0
DA:144,0
DA:146,0
DA:149,0
DA:153,17
DA:154,17
DA:155,17
DA:156,0
DA:158,17
DA:159,0
DA:164,33
DA:165,3
DA:166,3
DA:168,3
DA:169,0
DA:170,0
DA:174,3
DA:175,3
DA:176,0
DA:177,0
DA:181,3
DA:189,3
DA:195,3
DA:196,0
DA:197,0
DA:198,0
DA:201,3
DA:204,3
DA:214,1
DA:215,0
DA:217,0
DA:218,0
DA:219,0
DA:220,0
DA:221,0
DA:222,0
DA:224,0
DA:226,0
DA:229,1
DA:230,1
DA:232,2
DA:233,2
DA:237,33
DA:280,0
DA:281,0
DA:282,0
DA:303,16
LF:97
LH:51
BRDA:49,0,0,0
BRDA:49,0,1,17
BRDA:63,1,0,0
BRDA:63,1,1,0
BRDA:68,2,0,0
BRDA:68,2,1,17
BRDA:68,3,0,17
BRDA:68,3,1,0
BRDA:77,4,0,17
BRDA:77,4,1,0
BRDA:104,5,0,0
BRDA:104,5,1,0
BRDA:155,6,0,0
BRDA:155,6,1,17
BRDA:158,7,0,0
BRDA:158,7,1,17
BRDA:168,8,0,0
BRDA:168,8,1,3
BRDA:175,9,0,0
BRDA:175,9,1,3
BRDA:195,10,0,0
BRDA:195,10,1,3
BRDA:195,11,0,3
BRDA:195,11,1,3
BRDA:214,12,0,0
BRDA:214,12,1,1
BRDA:217,13,0,0
BRDA:217,13,1,0
BRDA:219,14,0,0
BRDA:219,14,1,0
BRDA:221,15,0,0
BRDA:221,15,1,0
BRDA:224,16,0,0
BRDA:224,16,1,0
BRDA:257,17,0,33
BRDA:257,17,1,22
BRDA:267,18,0,33
BRDA:267,18,1,2
BRDA:298,19,0,14
BRDA:298,19,1,19
BRDA:300,20,0,16
BRDA:300,20,1,3
BRDA:306,21,0,16
BRDA:306,21,1,10
BRF:44
BRH:22
end_of_record
TN:
SF:src/pages/TutorView.tsx
FN:19,(anonymous_0)
FN:43,(anonymous_1)
FN:54,(anonymous_2)
FN:60,(anonymous_3)
FN:66,(anonymous_4)
FN:74,(anonymous_5)
FN:78,(anonymous_6)
FN:79,(anonymous_7)
FN:82,(anonymous_8)
FN:88,(anonymous_9)
FN:91,(anonymous_10)
FN:135,(anonymous_11)
FN:190,(anonymous_12)
FN:211,(anonymous_13)
FN:221,(anonymous_14)
FN:228,(anonymous_15)
FN:233,(anonymous_16)
FN:339,(anonymous_17)
FNF:18
FNH:15
FNDA:29,(anonymous_0)
FNDA:11,(anonymous_1)
FNDA:9,(anonymous_2)
FNDA:1,(anonymous_3)
FNDA:0,(anonymous_4)
FNDA:0,(anonymous_5)
FNDA:8,(anonymous_6)
FNDA:13,(anonymous_7)
FNDA:4,(anonymous_8)
FNDA:6,(anonymous_9)
FNDA:2,(anonymous_10)
FNDA:0,(anonymous_11)
FNDA:2,(anonymous_12)
FNDA:2,(anonymous_13)
FNDA:2,(anonymous_14)
FNDA:60,(anonymous_15)
FNDA:1,(anonymous_16)
FNDA:6,(anonymous_17)
DA:19,4
DA:20,29
DA:21,29
DA:22,27
DA:23,27
DA:24,27
DA:25,27
DA:26,27
DA:27,27
DA:28,27
DA:29,27
DA:30,27
DA:31,27
DA:34,27
DA:43,27
DA:44,11
DA:45,11
DA:46,11
DA:47,11
DA:50,0
DA:54,27
DA:55,9
DA:56,9
DA:60,27
DA:61,1
DA:62,1
DA:63,1
DA:66,27
DA:67,0
DA:68,0
DA:69,0
DA:70,0
DA:74,27
DA:75,0
DA:78,27
DA:79,13
DA:82,27
DA:84,4
DA:85,0
DA:87,4
DA:88,6
DA:91,27
DA:92,2
DA:94,2
DA:95,0
DA:96,0
DA:99,2
DA:100,0
DA:101,0
DA:104,2
DA:105,2
DA:107,2
DA:108,2
DA:110,2
DA:118,2
DA:121,2
DA:124,2
DA:125,2
DA:126,2
DA:127,2
DA:128,2
DA:129,2
DA:132,2
DA:135,2
DA:136,0
DA:139,0
DA:141,2
DA:145,27
DA:191,2
DA:192,2
DA:193,2
DA:211,2
DA:221,2
DA:229,60
DA:233,1
DA:340,6
LF:76
LH:63
BRDA:45,0,0,11
BRDA:45,0,1,0
BRDA:55,1,0,9
BRDA:55,1,1,0
BRDA:67,2,0,0
BRDA:67,2,1,0
BRDA:67,3,0,0
BRDA:67,3,1,0
BRDA:79,4,0,8
BRDA:79,4,1,1
BRDA:84,5,0,0
BRDA:84,5,1,4
BRDA:88,6,0,3
BRDA:88,6,1,1
BRDA:88,7,0,1
BRDA:88,7,1,0
BRDA:94,8,0,0
BRDA:94,8,1,2
BRDA:99,9,0,0
BRDA:99,9,1,2
BRDA:115,10,0,0
BRDA:115,10,1,2
BRDA:139,11,0,0
BRDA:139,11,1,0
BRDA:165,12,0,27
BRDA:165,12,1,6
BRDA:174,13,0,27
BRDA:174,13,1,2
BRDA:187,14,0,27
BRDA:187,14,1,17
BRDA:200,15,0,27
BRDA:200,15,1,10
BRDA:231,16,0,2
BRDA:231,16,1,58
BRDA:238,17,0,2
BRDA:238,17,1,58
BRDA:242,18,0,2
BRDA:242,18,1,58
BRDA:286,19,0,10
BRDA:286,19,1,8
BRDA:286,19,2,2
BRDA:295,20,0,0
BRDA:295,20,1,2
BRDA:299,21,0,0
BRDA:299,21,1,2
BRDA:319,22,0,10
BRDA:319,22,1,0
BRDA:330,23,0,2
BRDA:330,23,1,8
BRDA:337,24,0,6
BRDA:337,24,1,21
BRDA:343,25,0,6
BRDA:343,25,1,1
BRDA:350,26,0,6
BRDA:350,26,1,0
BRF:55
BRH:38
end_of_record
TN:
SF:src/pages/UserProfile.tsx
FN:19,(anonymous_0)
FN:38,(anonymous_1)
FN:50,(anonymous_2)
FN:54,(anonymous_3)
FN:60,(anonymous_4)
FN:68,(anonymous_5)
FN:72,(anonymous_6)
FN:77,(anonymous_7)
FN:79,(anonymous_8)
FN:82,(anonymous_9)
FN:93,(anonymous_10)
FN:96,(anonymous_11)
FN:100,(anonymous_12)
FN:106,(anonymous_13)
FN:125,(anonymous_14)
FN:130,(anonymous_15)
FN:136,(anonymous_16)
FN:146,(anonymous_17)
FN:155,(anonymous_18)
FN:156,(anonymous_19)
FN:161,(anonymous_20)
FN:165,(anonymous_21)
FN:187,(anonymous_22)
FN:196,(anonymous_23)
FN:322,(anonymous_24)
FN:325,(anonymous_25)
FN:411,(anonymous_26)
FN:428,(anonymous_27)
FN:450,(anonymous_28)
FN:480,(anonymous_29)
FNF:30
FNH:13
FNDA:22,(anonymous_0)
FNDA:1,(anonymous_1)
FNDA:0,(anonymous_2)
FNDA:0,(anonymous_3)
FNDA:0,(anonymous_4)
FNDA:0,(anonymous_5)
FNDA:0,(anonymous_6)
FNDA:0,(anonymous_7)
FNDA:0,(anonymous_8)
FNDA:0,(anonymous_9)
FNDA:0,(anonymous_10)
FNDA:0,(anonymous_11)
FNDA:0,(anonymous_12)
FNDA:0,(anonymous_13)
FNDA:0,(anonymous_14)
FNDA:0,(anonymous_15)
FNDA:1,(anonymous_16)
FNDA:14,(anonymous_17)
FNDA:14,(anonymous_18)
FNDA:0,(anonymous_19)
FNDA:14,(anonymous_20)
FNDA:14,(anonymous_21)
FNDA:34,(anonymous_22)
FNDA:19,(anonymous_23)
FNDA:19,(anonymous_24)
FNDA:1,(anonymous_25)
FNDA:2,(anonymous_26)
FNDA:1,(anonymous_27)
FNDA:0,(anonymous_28)
FNDA:0,(anonymous_29)
DA:19,2
DA:20,22
DA:21,22
DA:22,22
DA:23,22
DA:24,22
DA:25,22
DA:26,22
DA:27,22
DA:28,22
DA:29,22
DA:30,22
DA:33,22
DA:38,22
DA:39,1
DA:41,1
DA:42,1
DA:44,1
DA:46,1
DA:48,0
DA:49,0
DA:50,0
DA:52,1
DA:53,1
DA:54,1
DA:56,1
DA:60,22
DA:61,0
DA:62,0
DA:64,0
DA:66,0
DA:67,0
DA:68,0
DA:70,0
DA:71,0
DA:72,0
DA:77,22
DA:78,0
DA:79,0
DA:82,22
DA:83,0
DA:85,0
DA:86,0
DA:88,0
DA:89,0
DA:90,0
DA:91,0
DA:92,0
DA:93,0
DA:95,0
DA:96,0
DA:99,0
DA:100,0
DA:102,0
DA:106,22
DA:107,0
DA:109,0
DA:110,0
DA:112,0
DA:114,0
DA:115,0
DA:119,0
DA:120,0
DA:123,0
DA:124,0
DA:125,0
DA:128,0
DA:129,0
DA:130,0
DA:132,0
DA:136,22
DA:137,1
DA:138,1
DA:139,1
DA:141,0
DA:146,22
DA:147,14
DA:148,12
DA:149,12
DA:150,12
DA:155,22
DA:156,14
DA:157,0
DA:160,14
DA:161,14
DA:165,22
DA:166,14
DA:167,1
DA:172,22
DA:173,1
DA:183,21
DA:184,2
DA:187,19
DA:188,34
DA:189,30
DA:190,2
DA:191,2
DA:192,0
DA:196,19
DA:197,19
DA:198,17
DA:199,1
DA:200,1
DA:201,0
DA:205,19
DA:323,19
DA:325,1
DA:411,2
DA:429,1
DA:430,1
DA:431,1
DA:450,0
DA:480,0
LF:113
LH:64
BRDA:23,0,0,22
BRDA:23,0,1,3
BRDA:24,1,0,22
BRDA:24,1,1,3
BRDA:25,2,0,22
BRDA:25,2,1,21
BRDA:39,3,0,0
BRDA:39,3,1,1
BRDA:61,4,0,0
BRDA:61,4,1,0
BRDA:61,5,0,0
BRDA:61,5,1,0
BRDA:83,6,0,0
BRDA:83,6,1,0
BRDA:90,7,0,0
BRDA:90,7,1,0
BRDA:95,8,0,0
BRDA:95,8,1,0
BRDA:107,9,0,0
BRDA:107,9,1,0
BRDA:114,10,0,0
BRDA:114,10,1,0
BRDA:119,11,0,0
BRDA:119,11,1,0
BRDA:119,12,0,0
BRDA:119,12,1,0
BRDA:147,13,0,12
BRDA:147,13,1,2
BRDA:148,14,0,12
BRDA:148,14,1,0
BRDA:149,15,0,12
BRDA:149,15,1,0
BRDA:150,16,0,12
BRDA:150,16,1,11
BRDA:166,17,0,1
BRDA:166,17,1,13
BRDA:166,18,0,14
BRDA:166,18,1,13
BRDA:172,19,0,1
BRDA:172,19,1,21
BRDA:183,20,0,2
BRDA:183,20,1,19
BRDA:188,21,0,30
BRDA:188,21,1,2
BRDA:188,21,2,2
BRDA:188,21,3,0
BRDA:197,22,0,17
BRDA:197,22,1,1
BRDA:197,22,2,1
BRDA:197,22,3,0
BRDA:236,23,0,19
BRDA:236,23,1,0
BRDA:249,24,0,19
BRDA:249,24,1,2
BRDA:264,25,0,0
BRDA:264,25,1,19
BRDA:288,26,0,19
BRDA:288,26,1,0
BRDA:290,27,0,19
BRDA:290,27,1,1
BRDA:302,28,0,0
BRDA:302,28,1,1
BRDA:305,29,0,0
BRDA:305,29,1,1
BRDA:328,30,0,0
BRDA:328,30,1,19
BRDA:329,31,0,0
BRDA:329,31,1,19
BRDA:330,32,0,0
BRDA:330,32,1,19
BRDA:333,33,0,0
BRDA:333,33,1,19
BRDA:335,34,0,0
BRDA:335,34,1,19
BRDA:352,35,0,19
BRDA:352,35,1,0
BRDA:409,36,0,15
BRDA:409,36,1,4
BRDA:425,37,0,0
BRDA:425,37,1,4
BRDA:431,38,0,1
BRDA:431,38,1,0
BRDA:446,39,0,4
BRDA:446,39,1,15
BRDA:468,40,0,15
BRDA:468,40,1,0
BRDA:477,41,0,4
BRDA:477,41,1,15
BRDA:501,42,0,15
BRDA:501,42,1,0
BRF:90
BRH:52
end_of_record
TN:
SF:src/services/aiService.ts
FN:57,(anonymous_0)
FN:62,(anonymous_1)
FN:76,(anonymous_2)
FN:105,(anonymous_3)
FN:114,(anonymous_4)
FN:154,(anonymous_5)
FN:180,(anonymous_6)
FN:201,(anonymous_7)
FN:222,(anonymous_8)
FN:242,(anonymous_9)
FN:261,(anonymous_10)
FNF:11
FNH:0
FNDA:0,(anonymous_0)
FNDA:0,(anonymous_1)
FNDA:0,(anonymous_2)
FNDA:0,(anonymous_3)
FNDA:0,(anonymous_4)
FNDA:0,(anonymous_5)
FNDA:0,(anonymous_6)
FNDA:0,(anonymous_7)
FNDA:0,(anonymous_8)
FNDA:0,(anonymous_9)
FNDA:0,(anonymous_10)
DA:5,6
DA:29,6
DA:58,0
DA:59,0
DA:63,0
DA:65,0
DA:66,0
DA:69,0
DA:70,0
DA:73,0
DA:81,0
DA:82,0
DA:85,0
DA:94,0
DA:95,0
DA:96,0
DA:99,0
DA:111,0
DA:112,0
DA:114,0
DA:116,0
DA:118,0
DA:119,0
DA:122,0
DA:128,0
DA:130,0
DA:138,0
DA:140,0
DA:154,6
DA:159,0
DA:164,0
DA:170,0
DA:171,0
DA:174,0
DA:180,6
DA:181,0
DA:188,0
DA:189,0
DA:190,0
DA:192,0
DA:195,0
DA:201,6
DA:205,0
DA:212,0
DA:213,0
DA:216,0
DA:222,6
DA:223,0
DA:229,0
DA:230,0
DA:231,0
DA:233,0
DA:236,0
DA:242,6
DA:247,0
DA:253,0
DA:254,0
DA:261,6
DA:268,0
DA:269,0
DA:270,0
DA:274,0
DA:277,0
DA:278,0
DA:279,0
DA:285,0
DA:286,0
DA:290,0
DA:291,0
DA:295,0
DA:301,0
DA:302,0
DA:306,0
DA:321,0
DA:322,0
DA:326,0
DA:327,0
DA:329,0
LF:78
LH:8
BRDA:65,0,0,0
BRDA:65,0,1,0
BRDA:65,1,0,0
BRDA:65,1,1,0
BRDA:65,1,2,0
BRDA:65,1,3,0
BRDA:69,2,0,0
BRDA:69,2,1,0
BRDA:69,3,0,0
BRDA:69,3,1,0
BRDA:69,3,2,0
BRDA:73,4,0,0
BRDA:73,4,1,0
BRDA:94,5,0,0
BRDA:94,5,1,0
BRDA:118,6,0,0
BRDA:118,6,1,0
BRDA:125,7,0,0
BRDA:125,7,1,0
BRDA:145,8,0,0
BRDA:145,8,1,0
BRDA:156,9,0,0
BRDA:159,10,0,0
BRDA:159,10,1,0
BRDA:170,11,0,0
BRDA:170,11,1,0
BRDA:188,12,0,0
BRDA:188,12,1,0
BRDA:189,13,0,0
BRDA:189,13,1,0
BRDA:212,14,0,0
BRDA:212,14,1,0
BRDA:229,15,0,0
BRDA:229,15,1,0
BRDA:230,16,0,0
BRDA:230,16,1,0
BRDA:253,17,0,0
BRDA:253,17,1,0
BRDA:269,18,0,0
BRDA:269,18,1,0
BRDA:269,19,0,0
BRDA:269,19,1,0
BRDA:278,20,0,0
BRDA:278,20,1,0
BRDA:278,21,0,0
BRDA:278,21,1,0
BRDA:285,22,0,0
BRDA:285,22,1,0
BRDA:285,23,0,0
BRDA:285,23,1,0
BRDA:290,24,0,0
BRDA:290,24,1,0
BRDA:301,25,0,0
BRDA:301,25,1,0
BRDA:302,26,0,0
BRDA:302,26,1,0
BRDA:321,27,0,0
BRDA:321,27,1,0
BRF:58
BRH:0
end_of_record
TN:
SF:src/services/imageUpload.ts
FN:22,validateImageFile
FN:89,getImageDimensions
FN:90,(anonymous_2)
FN:94,(anonymous_3)
FN:99,(anonymous_4)
FN:111,uploadAvatarImage
FN:186,deleteAvatarImage
FN:244,uploadTutorImage
FN:339,deleteTutorImage
FNF:9
FNH:8
FNDA:14,validateImageFile
FNDA:1,getImageDimensions
FNDA:1,(anonymous_2)
FNDA:1,(anonymous_3)
FNDA:0,(anonymous_4)
FNDA:9,uploadAvatarImage
FNDA:1,deleteAvatarImage
FNDA:7,uploadTutorImage
FNDA:2,deleteTutorImage
DA:15,5
DA:16,5
DA:17,5
DA:26,14
DA:29,14
DA:30,1
DA:31,1
DA:35,13
DA:36,2
DA:40,13
DA:41,13
DA:42,2
DA:46,13
DA:47,1
DA:50,13
DA:58,13
DA:59,1
DA:60,1
DA:61,1
DA:63,1
DA:64,0
DA:66,1
DA:67,0
DA:69,1
DA:70,0
DA:72,1
DA:73,0
DA:76,1
DA:78,0
DA:79,0
DA:83,13
DA:90,1
DA:91,1
DA:92,1
DA:94,1
DA:95,1
DA:96,1
DA:99,1
DA:100,0
DA:101,0
DA:104,1
DA:112,9
DA:114,9
DA:115,9
DA:116,1
DA:120,8
DA:121,8
DA:122,0
DA:126,8
DA:127,8
DA:130,8
DA:131,8
DA:132,8
DA:133,0
DA:139,8
DA:146,0
DA:147,0
DA:151,0
DA:156,0
DA:163,0
DA:165,0
DA:166,0
DA:169,0
DA:176,8
DA:187,1
DA:189,1
DA:190,1
DA:191,0
DA:195,1
DA:201,0
DA:202,0
DA:206,0
DA:207,0
DA:208,0
DA:211,0
DA:215,0
DA:216,0
DA:220,0
DA:227,0
DA:228,0
DA:231,0
DA:234,1
DA:245,7
DA:247,7
DA:248,7
DA:249,0
DA:253,7
DA:259,2
DA:260,2
DA:264,0
DA:271,0
DA:272,0
DA:276,0
DA:277,0
DA:278,0
DA:282,0
DA:283,0
DA:284,0
DA:285,0
DA:288,0
DA:294,0
DA:295,0
DA:299,0
DA:304,0
DA:317,0
DA:319,0
DA:320,0
DA:323,0
DA:329,5
DA:340,2
DA:342,2
DA:343,2
DA:344,0
DA:348,2
DA:355,0
DA:356,0
DA:360,0
DA:361,0
DA:362,0
DA:365,0
DA:369,0
DA:370,0
DA:374,0
DA:381,0
DA:382,0
DA:385,0
DA:388,2
LF:127
LH:63
BRDA:29,0,0,1
BRDA:29,0,1,13
BRDA:29,1,0,14
BRDA:29,1,1,14
BRDA:35,2,0,2
BRDA:35,2,1,11
BRDA:41,3,0,2
BRDA:41,3,1,11
BRDA:46,4,0,1
BRDA:46,4,1,12
BRDA:58,5,0,1
BRDA:58,5,1,12
BRDA:58,6,0,13
BRDA:58,6,1,10
BRDA:63,7,0,0
BRDA:63,7,1,1
BRDA:63,8,0,1
BRDA:63,8,1,1
BRDA:66,9,0,0
BRDA:66,9,1,1
BRDA:66,10,0,1
BRDA:66,10,1,1
BRDA:69,11,0,0
BRDA:69,11,1,1
BRDA:69,12,0,1
BRDA:69,12,1,0
BRDA:72,13,0,0
BRDA:72,13,1,1
BRDA:72,14,0,1
BRDA:72,14,1,0
BRDA:115,15,0,1
BRDA:115,15,1,8
BRDA:115,16,0,9
BRDA:115,16,1,9
BRDA:121,17,0,0
BRDA:121,17,1,8
BRDA:146,18,0,0
BRDA:146,18,1,0
BRDA:163,19,0,0
BRDA:163,19,1,0
BRDA:178,20,0,8
BRDA:178,20,1,0
BRDA:190,21,0,0
BRDA:190,21,1,1
BRDA:190,22,0,1
BRDA:190,22,1,1
BRDA:201,23,0,0
BRDA:201,23,1,0
BRDA:201,24,0,0
BRDA:201,24,1,0
BRDA:215,25,0,0
BRDA:215,25,1,0
BRDA:227,26,0,0
BRDA:227,26,1,0
BRDA:236,27,0,1
BRDA:236,27,1,0
BRDA:248,28,0,0
BRDA:248,28,1,7
BRDA:248,29,0,7
BRDA:248,29,1,7
BRDA:259,30,0,2
BRDA:259,30,1,0
BRDA:259,31,0,2
BRDA:259,31,1,1
BRDA:271,32,0,0
BRDA:271,32,1,0
BRDA:271,33,0,0
BRDA:271,33,1,0
BRDA:277,34,0,0
BRDA:277,34,1,0
BRDA:294,35,0,0
BRDA:294,35,1,0
BRDA:317,36,0,0
BRDA:317,36,1,0
BRDA:331,37,0,5
BRDA:331,37,1,0
BRDA:343,38,0,0
BRDA:343,38,1,2
BRDA:343,39,0,2
BRDA:343,39,1,2
BRDA:355,40,0,0
BRDA:355,40,1,0
BRDA:355,41,0,0
BRDA:355,41,1,0
BRDA:369,42,0,0
BRDA:369,42,1,0
BRDA:381,43,0,0
BRDA:381,43,1,0
BRDA:390,44,0,2
BRDA:390,44,1,0
BRF:90
BRH:45
end_of_record
TN:
SF:src/services/supabase.ts
FN:26,(anonymous_0)
FN:38,(anonymous_1)
FN:49,(anonymous_2)
FN:71,(anonymous_3)
FN:92,(anonymous_4)
FN:120,(anonymous_5)
FN:134,(anonymous_6)
FN:144,(anonymous_7)
FN:161,(anonymous_8)
FN:180,(anonymous_9)
FN:219,(anonymous_10)
FN:238,(anonymous_11)
FN:264,(anonymous_12)
FN:289,(anonymous_13)
FN:327,(anonymous_14)
FN:356,(anonymous_15)
FN:418,(anonymous_16)
FN:464,(anonymous_17)
FNF:18
FNH:6
FNDA:2,(anonymous_0)
FNDA:2,(anonymous_1)
FNDA:2,(anonymous_2)
FNDA:2,(anonymous_3)
FNDA:0,(anonymous_4)
FNDA:12,(anonymous_5)
FNDA:2,(anonymous_6)
FNDA:0,(anonymous_7)
FNDA:0,(anonymous_8)
FNDA:0,(anonymous_9)
FNDA:0,(anonymous_10)
FNDA:0,(anonymous_11)
FNDA:0,(anonymous_12)
FNDA:0,(anonymous_13)
FNDA:0,(anonymous_14)
FNDA:0,(anonymous_15)
FNDA:0,(anonymous_16)
FNDA:0,(anonymous_17)
DA:4,11
DA:5,11
DA:7,11
DA:12,11
DA:26,10
DA:27,2
DA:28,2
DA:29,2
DA:30,1
DA:31,1
DA:33,1
DA:34,1
DA:38,10
DA:39,2
DA:40,2
DA:41,2
DA:42,1
DA:43,1
DA:45,1
DA:49,10
DA:50,2
DA:51,2
DA:57,2
DA:58,1
DA:59,1
DA:61,1
DA:67,1
DA:71,10
DA:72,2
DA:73,2
DA:80,2
DA:81,1
DA:82,1
DA:84,1
DA:88,1
DA:92,10
DA:99,0
DA:100,0
DA:109,0
DA:110,0
DA:111,0
DA:113,0
DA:117,0
DA:120,10
DA:121,12
DA:122,12
DA:126,2
DA:127,2
DA:128,2
DA:130,0
DA:131,0
DA:134,10
DA:135,2
DA:136,2
DA:140,0
DA:141,0
DA:144,10
DA:145,0
DA:146,0
DA:152,0
DA:153,0
DA:154,0
DA:156,0
DA:157,0
DA:161,10
DA:162,0
DA:163,0
DA:172,0
DA:173,0
DA:174,0
DA:176,0
DA:177,0
DA:180,10
DA:181,0
DA:184,0
DA:191,0
DA:192,0
DA:193,0
DA:197,0
DA:204,0
DA:205,0
DA:206,0
DA:211,0
DA:212,0
DA:219,10
DA:220,0
DA:221,0
DA:230,0
DA:231,0
DA:232,0
DA:234,0
DA:235,0
DA:238,10
DA:239,0
DA:242,0
DA:251,0
DA:252,0
DA:253,0
DA:257,0
DA:264,0
DA:274,0
DA:275,0
DA:276,0
DA:277,0
DA:278,0
DA:279,0
DA:280,0
DA:281,0
DA:282,0
DA:284,0
DA:285,0
DA:289,10
DA:290,0
DA:291,0
DA:292,0
DA:294,0
DA:295,0
DA:298,0
DA:299,0
DA:304,0
DA:311,0
DA:312,0
DA:313,0
DA:316,0
DA:321,0
DA:323,0
DA:324,0
DA:327,10
DA:328,0
DA:329,0
DA:330,0
DA:332,0
DA:333,0
DA:336,0
DA:337,0
DA:338,0
DA:340,0
DA:344,0
DA:345,0
DA:346,0
DA:350,0
DA:352,0
DA:353,0
DA:356,10
DA:357,0
DA:358,0
DA:359,0
DA:362,0
DA:369,0
DA:370,0
DA:373,0
DA:374,0
DA:375,0
DA:376,0
DA:378,0
DA:384,0
DA:385,0
DA:386,0
DA:389,0
DA:394,0
DA:407,0
DA:409,0
DA:410,0
DA:411,0
DA:414,0
DA:415,0
DA:418,10
DA:419,0
DA:420,0
DA:421,0
DA:424,0
DA:431,0
DA:432,0
DA:436,0
DA:437,0
DA:438,0
DA:440,0
DA:444,0
DA:445,0
DA:446,0
DA:450,0
DA:455,0
DA:456,0
DA:457,0
DA:460,0
DA:461,0
DA:464,10
DA:465,0
DA:466,0
DA:467,0
DA:469,0
DA:476,0
DA:477,0
DA:480,0
DA:482,0
DA:483,0
DA:484,0
DA:487,0
DA:488,0
LF:199
LH:55
BRDA:8,0,0,10
BRDA:8,0,1,1
BRDA:9,1,0,10
BRDA:9,1,1,1
BRDA:29,2,0,1
BRDA:29,2,1,1
BRDA:41,3,0,1
BRDA:41,3,1,1
BRDA:57,4,0,1
BRDA:57,4,1,1
BRDA:80,5,0,1
BRDA:80,5,1,1
BRDA:109,6,0,0
BRDA:109,6,1,0
BRDA:126,7,0,2
BRDA:126,7,1,0
BRDA:152,8,0,0
BRDA:152,8,1,0
BRDA:156,9,0,0
BRDA:156,9,1,0
BRDA:157,10,0,0
BRDA:157,10,1,0
BRDA:172,11,0,0
BRDA:172,11,1,0
BRDA:176,12,0,0
BRDA:176,12,1,0
BRDA:177,13,0,0
BRDA:177,13,1,0
BRDA:191,14,0,0
BRDA:191,14,1,0
BRDA:204,15,0,0
BRDA:204,15,1,0
BRDA:230,16,0,0
BRDA:230,16,1,0
BRDA:234,17,0,0
BRDA:234,17,1,0
BRDA:235,18,0,0
BRDA:235,18,1,0
BRDA:251,19,0,0
BRDA:251,19,1,0
BRDA:267,20,0,0
BRDA:267,20,1,0
BRDA:292,21,0,0
BRDA:292,21,1,0
BRDA:311,22,0,0
BRDA:311,22,1,0
BRDA:330,23,0,0
BRDA:330,23,1,0
BRDA:333,24,0,0
BRDA:333,24,1,0
BRDA:344,25,0,0
BRDA:344,25,1,0
BRDA:359,26,0,0
BRDA:359,26,1,0
BRDA:369,27,0,0
BRDA:369,27,1,0
BRDA:369,28,0,0
BRDA:369,28,1,0
BRDA:384,29,0,0
BRDA:384,29,1,0
BRDA:407,30,0,0
BRDA:407,30,1,0
BRDA:421,31,0,0
BRDA:421,31,1,0
BRDA:431,32,0,0
BRDA:431,32,1,0
BRDA:431,33,0,0
BRDA:431,33,1,0
BRDA:444,34,0,0
BRDA:444,34,1,0
BRDA:455,35,0,0
BRDA:455,35,1,0
BRDA:467,36,0,0
BRDA:467,36,1,0
BRDA:476,37,0,0
BRDA:476,37,1,0
BRDA:482,38,0,0
BRDA:482,38,1,0
BRDA:487,39,0,0
BRDA:487,39,1,0
BRDA:488,40,0,0
BRDA:488,40,1,0
BRF:82
BRH:13
end_of_record
TN:
SF:src/types/database.ts
FNF:0
FNH:0
LF:0
LH:0
BRF:0
BRH:0
end_of_record
TN:
SF:src/types/index.ts
FNF:0
FNH:0
LF:0
LH:0
BRF:0
BRH:0
end_of_record
TN:
SF:src/utils/authDiagnostics.ts
FN:24,(anonymous_0)
FN:33,(anonymous_1)
FN:45,(anonymous_2)
FN:46,(anonymous_3)
FN:47,(anonymous_4)
FN:54,(anonymous_5)
FN:75,(anonymous_6)
FN:88,(anonymous_7)
FN:105,(anonymous_8)
FN:123,(anonymous_9)
FN:149,(anonymous_10)
FN:193,(anonymous_11)
FN:194,(anonymous_12)
FN:197,(anonymous_13)
FN:229,(anonymous_14)
FNF:15
FNH:14
FNDA:119,(anonymous_0)
FNDA:17,(anonymous_1)
FNDA:119,(anonymous_2)
FNDA:119,(anonymous_3)
FNDA:119,(anonymous_4)
FNDA:17,(anonymous_5)
FNDA:17,(anonymous_6)
FNDA:17,(anonymous_7)
FNDA:17,(anonymous_8)
FNDA:17,(anonymous_9)
FNDA:17,(anonymous_10)
FNDA:2,(anonymous_11)
FNDA:14,(anonymous_12)
FNDA:1,(anonymous_13)
FNDA:0,(anonymous_14)
DA:22,17
DA:25,119
DA:26,119
DA:27,119
DA:28,119
DA:29,73
DA:34,17
DA:35,17
DA:37,17
DA:38,17
DA:39,17
DA:40,17
DA:41,17
DA:42,17
DA:44,17
DA:45,119
DA:46,119
DA:47,119
DA:49,17
DA:51,17
DA:55,17
DA:56,17
DA:58,17
DA:59,15
DA:60,2
DA:61,1
DA:63,1
DA:66,17
DA:67,15
DA:68,2
DA:69,1
DA:71,1
DA:76,17
DA:77,17
DA:78,3
DA:79,2
DA:81,1
DA:84,14
DA:89,17
DA:91,17
DA:95,4
DA:96,0
DA:98,4
DA:101,13
DA:106,17
DA:108,17
DA:113,4
DA:114,2
DA:116,2
DA:119,13
DA:124,17
DA:126,17
DA:135,3
DA:136,1
DA:137,1
DA:139,0
DA:142,2
DA:145,14
DA:150,17
DA:152,17
DA:153,17
DA:155,17
DA:157,17
DA:162,3
DA:163,2
DA:164,1
DA:166,1
DA:168,1
DA:170,1
DA:179,1
DA:180,0
DA:182,1
DA:185,1
DA:189,14
DA:194,14
DA:198,1
DA:199,1
DA:201,1
DA:202,6
DA:204,2
DA:205,2
DA:207,1
DA:208,1
DA:210,1
DA:211,1
DA:213,1
DA:214,1
DA:216,0
DA:217,0
DA:219,1
DA:220,1
DA:224,1
DA:229,5
DA:230,0
DA:231,0
DA:235,5
LF:96
LH:89
BRDA:26,0,0,12
BRDA:26,0,1,107
BRDA:26,1,0,91
BRDA:26,1,1,16
BRDA:28,2,0,73
BRDA:28,2,1,46
BRDA:58,3,0,15
BRDA:58,3,1,2
BRDA:60,4,0,1
BRDA:60,4,1,1
BRDA:66,5,0,15
BRDA:66,5,1,2
BRDA:68,6,0,1
BRDA:68,6,1,1
BRDA:78,7,0,2
BRDA:78,7,1,1
BRDA:95,8,0,0
BRDA:95,8,1,4
BRDA:98,9,0,4
BRDA:98,9,1,4
BRDA:113,10,0,2
BRDA:113,10,1,2
BRDA:135,11,0,1
BRDA:135,11,1,2
BRDA:136,12,0,1
BRDA:136,12,1,0
BRDA:136,13,0,1
BRDA:136,13,1,0
BRDA:136,13,2,0
BRDA:162,14,0,2
BRDA:162,14,1,1
BRDA:163,15,0,1
BRDA:163,15,1,1
BRDA:163,16,0,2
BRDA:163,16,1,1
BRDA:168,17,0,1
BRDA:168,17,1,0
BRDA:179,18,0,0
BRDA:179,18,1,1
BRDA:202,19,0,2
BRDA:202,19,1,1
BRDA:202,19,2,1
BRDA:202,19,3,1
BRDA:202,19,4,0
BRDA:202,19,5,1
BRF:45
BRH:38
end_of_record
TN:
SF:src/utils/testCoverage.ts
FN:77,(anonymous_0)
FN:115,(anonymous_1)
FN:164,(anonymous_2)
FN:216,(anonymous_3)
FN:219,(anonymous_4)
FN:220,(anonymous_5)
FN:221,(anonymous_6)
FN:222,(anonymous_7)
FN:244,(anonymous_8)
FN:252,(anonymous_9)
FN:254,(anonymous_10)
FN:256,(anonymous_11)
FN:263,(anonymous_12)
FNF:13
FNH:13
FNDA:3,(anonymous_0)
FNDA:3,(anonymous_1)
FNDA:3,(anonymous_2)
FNDA:12,(anonymous_3)
FNDA:224,(anonymous_4)
FNDA:224,(anonymous_5)
FNDA:224,(anonymous_6)
FNDA:224,(anonymous_7)
FNDA:2,(anonymous_8)
FNDA:1,(anonymous_9)
FNDA:3,(anonymous_10)
FNDA:3,(anonymous_11)
FNDA:3,(anonymous_12)
DA:36,1
DA:78,3
DA:104,3
DA:106,3
DA:116,3
DA:153,3
DA:155,3
DA:165,3
DA:205,3
DA:207,3
DA:217,12
DA:218,12
DA:219,224
DA:220,224
DA:221,224
DA:222,224
DA:226,12
DA:227,12
DA:228,12
DA:230,12
DA:236,12
DA:245,2
DA:253,1
DA:254,3
DA:255,1
DA:256,3
DA:259,1
DA:260,1
DA:261,1
DA:263,1
DA:264,3
DA:265,3
DA:266,3
DA:267,3
DA:268,3
DA:271,1
DA:272,1
DA:273,1
DA:274,1
DA:275,1
DA:277,1
DA:278,1
DA:279,0
DA:280,0
DA:281,0
DA:282,0
DA:284,0
DA:287,1
DA:289,1
LF:49
LH:44
BRDA:277,0,0,1
BRDA:277,0,1,0
BRDA:279,1,0,0
BRDA:279,1,1,0
BRDA:281,2,0,0
BRDA:281,2,1,0
BRF:6
BRH:1
end_of_record
