TN:
SF:src/App.tsx
FN:12,App
FNF:1
FNH:0
FNDA:0,App
DA:13,0
LF:1
LH:0
BRF:0
BRH:0
end_of_record
TN:
SF:src/components/AIAssistantSettings.tsx
FN:11,(anonymous_0)
FN:23,(anonymous_1)
FN:43,(anonymous_2)
FN:64,(anonymous_3)
FN:92,(anonymous_4)
FN:108,(anonymous_5)
FN:112,(anonymous_6)
FN:127,(anonymous_7)
FN:146,(anonymous_8)
FN:163,(anonymous_9)
FNF:10
FNH:0
FNDA:0,(anonymous_0)
FNDA:0,(anonymous_1)
FNDA:0,(anonymous_2)
FNDA:0,(anonymous_3)
FNDA:0,(anonymous_4)
FNDA:0,(anonymous_5)
FNDA:0,(anonymous_6)
FNDA:0,(anonymous_7)
FNDA:0,(anonymous_8)
FNDA:0,(anonymous_9)
DA:11,0
DA:12,0
DA:13,0
DA:15,0
DA:16,0
DA:17,0
DA:18,0
DA:19,0
DA:20,0
DA:23,0
DA:24,0
DA:25,0
DA:28,0
DA:29,0
DA:30,0
DA:31,0
DA:32,0
DA:35,0
DA:43,0
DA:44,0
DA:46,0
DA:47,0
DA:48,0
DA:55,0
DA:57,0
DA:58,0
DA:60,0
DA:64,0
DA:65,0
DA:68,0
DA:69,0
DA:72,0
DA:92,0
DA:108,0
DA:113,0
DA:127,0
DA:146,0
DA:163,0
LF:38
LH:0
BRDA:24,0,0,0
BRDA:24,0,1,0
BRDA:28,1,0,0
BRDA:28,1,1,0
BRDA:30,2,0,0
BRDA:30,2,1,0
BRDA:44,3,0,0
BRDA:44,3,1,0
BRDA:44,4,0,0
BRDA:44,4,1,0
BRDA:68,5,0,0
BRDA:68,5,1,0
BRDA:68,6,0,0
BRDA:68,6,1,0
BRDA:80,7,0,0
BRDA:80,7,1,0
BRDA:93,8,0,0
BRDA:93,8,1,0
BRDA:102,9,0,0
BRDA:102,9,1,0
BRDA:109,10,0,0
BRDA:109,10,1,0
BRDA:128,11,0,0
BRDA:128,11,1,0
BRDA:147,12,0,0
BRDA:147,12,1,0
BRDA:164,13,0,0
BRDA:164,13,1,0
BRDA:175,14,0,0
BRDA:175,14,1,0
BRDA:182,15,0,0
BRDA:182,15,1,0
BRDA:185,16,0,0
BRDA:185,16,1,0
BRDA:185,17,0,0
BRDA:185,17,1,0
BRF:36
BRH:0
end_of_record
TN:
SF:src/components/ChatMessage.tsx
FN:12,(anonymous_0)
FN:19,(anonymous_1)
FN:26,(anonymous_2)
FN:36,(anonymous_3)
FN:46,(anonymous_4)
FNF:5
FNH:0
FNDA:0,(anonymous_0)
FNDA:0,(anonymous_1)
FNDA:0,(anonymous_2)
FNDA:0,(anonymous_3)
FNDA:0,(anonymous_4)
DA:12,0
DA:19,0
DA:20,0
DA:26,0
DA:27,0
DA:28,0
DA:29,0
DA:30,0
DA:31,0
DA:32,0
DA:36,0
DA:37,0
DA:38,0
DA:39,0
DA:40,0
DA:41,0
DA:42,0
DA:46,0
DA:47,0
DA:48,0
DA:52,0
LF:21
LH:0
BRDA:16,0,0,0
BRDA:17,1,0,0
BRDA:27,2,0,0
BRDA:27,2,1,0
BRDA:28,3,0,0
BRDA:28,3,1,0
BRDA:28,3,2,0
BRDA:28,3,3,0
BRDA:37,4,0,0
BRDA:37,4,1,0
BRDA:38,5,0,0
BRDA:38,5,1,0
BRDA:38,5,2,0
BRDA:38,5,3,0
BRDA:47,6,0,0
BRDA:47,6,1,0
BRDA:47,7,0,0
BRDA:47,7,1,0
BRDA:47,7,2,0
BRDA:53,8,0,0
BRDA:53,8,1,0
BRDA:60,9,0,0
BRDA:60,9,1,0
BRDA:60,10,0,0
BRDA:60,10,1,0
BRDA:65,11,0,0
BRDA:65,11,1,0
BRDA:76,12,0,0
BRDA:76,12,1,0
BRDA:76,12,2,0
BRDA:76,12,3,0
BRDA:76,12,4,0
BRDA:87,13,0,0
BRDA:87,13,1,0
BRF:34
BRH:0
end_of_record
TN:
SF:src/components/LoginForm.tsx
FN:8,(anonymous_0)
FN:15,(anonymous_1)
FN:39,(anonymous_2)
FN:50,(anonymous_3)
FNF:4
FNH:0
FNDA:0,(anonymous_0)
FNDA:0,(anonymous_1)
FNDA:0,(anonymous_2)
FNDA:0,(anonymous_3)
DA:8,0
DA:9,0
DA:10,0
DA:11,0
DA:12,0
DA:13,0
DA:15,0
DA:16,0
DA:17,0
DA:18,0
DA:20,0
DA:21,0
DA:23,0
DA:25,0
DA:29,0
DA:39,0
DA:50,0
LF:17
LH:0
BRDA:23,0,0,0
BRDA:23,0,1,0
BRDA:55,1,0,0
BRDA:55,1,1,0
BRDA:57,2,0,0
BRDA:57,2,1,0
BRF:6
BRH:0
end_of_record
TN:
SF:src/components/RoleSelection.tsx
FN:5,(anonymous_0)
FN:10,(anonymous_1)
FN:23,(anonymous_2)
FN:53,(anonymous_3)
FN:62,(anonymous_4)
FN:71,(anonymous_5)
FNF:6
FNH:0
FNDA:0,(anonymous_0)
FNDA:0,(anonymous_1)
FNDA:0,(anonymous_2)
FNDA:0,(anonymous_3)
FNDA:0,(anonymous_4)
FNDA:0,(anonymous_5)
DA:5,0
DA:6,0
DA:7,0
DA:8,0
DA:10,0
DA:11,0
DA:12,0
DA:14,0
DA:15,0
DA:17,0
DA:19,0
DA:23,0
DA:24,0
DA:25,0
DA:27,0
DA:31,0
DA:53,0
DA:62,0
DA:71,0
LF:19
LH:0
BRDA:17,0,0,0
BRDA:17,0,1,0
BRDA:48,1,0,0
BRDA:48,1,1,0
BRDA:52,2,0,0
BRDA:52,2,1,0
BRDA:53,3,0,0
BRDA:53,3,1,0
BRDA:61,4,0,0
BRDA:61,4,1,0
BRDA:62,5,0,0
BRDA:62,5,1,0
BRDA:70,6,0,0
BRDA:70,6,1,0
BRDA:71,7,0,0
BRDA:71,7,1,0
BRDA:79,8,0,0
BRDA:79,8,1,0
BRF:18
BRH:0
end_of_record
TN:
SF:src/components/SignupForm.tsx
FN:8,(anonymous_0)
FN:17,(anonymous_1)
FN:53,(anonymous_2)
FN:64,(anonymous_3)
FN:75,(anonymous_4)
FN:87,(anonymous_5)
FNF:6
FNH:0
FNDA:0,(anonymous_0)
FNDA:0,(anonymous_1)
FNDA:0,(anonymous_2)
FNDA:0,(anonymous_3)
FNDA:0,(anonymous_4)
FNDA:0,(anonymous_5)
DA:8,0
DA:9,0
DA:10,0
DA:11,0
DA:12,0
DA:13,0
DA:14,0
DA:15,0
DA:17,0
DA:18,0
DA:19,0
DA:21,0
DA:22,0
DA:23,0
DA:26,0
DA:27,0
DA:28,0
DA:31,0
DA:33,0
DA:34,0
DA:37,0
DA:39,0
DA:43,0
DA:53,0
DA:64,0
DA:75,0
DA:87,0
LF:27
LH:0
BRDA:21,0,0,0
BRDA:21,0,1,0
BRDA:26,1,0,0
BRDA:26,1,1,0
BRDA:37,2,0,0
BRDA:37,2,1,0
BRDA:93,3,0,0
BRDA:93,3,1,0
BRDA:95,4,0,0
BRDA:95,4,1,0
BRF:10
BRH:0
end_of_record
TN:
SF:src/contexts/AuthContext.tsx
FN:7,(anonymous_0)
FN:15,(anonymous_1)
FN:19,(anonymous_2)
FN:21,(anonymous_3)
FN:32,(anonymous_4)
FN:41,(anonymous_5)
FN:44,(anonymous_6)
FN:55,(anonymous_7)
FN:67,(anonymous_8)
FN:97,(anonymous_9)
FN:102,(anonymous_10)
FN:116,(anonymous_11)
FN:117,(anonymous_12)
FN:118,(anonymous_13)
FNF:14
FNH:10
FNDA:47,(anonymous_0)
FNDA:47,(anonymous_1)
FNDA:23,(anonymous_2)
FNDA:22,(anonymous_3)
FNDA:1,(anonymous_4)
FNDA:23,(anonymous_5)
FNDA:11,(anonymous_6)
FNDA:2,(anonymous_7)
FNDA:3,(anonymous_8)
FNDA:2,(anonymous_9)
FNDA:0,(anonymous_10)
FNDA:0,(anonymous_11)
FNDA:0,(anonymous_12)
FNDA:0,(anonymous_13)
DA:5,1
DA:7,1
DA:8,47
DA:9,46
DA:10,4
DA:12,42
DA:15,1
DA:16,47
DA:17,47
DA:19,47
DA:21,23
DA:22,22
DA:23,10
DA:25,12
DA:32,23
DA:33,1
DA:34,1
DA:35,0
DA:36,0
DA:37,0
DA:41,23
DA:44,47
DA:45,11
DA:46,11
DA:47,10
DA:49,1
DA:51,11
DA:55,47
DA:56,2
DA:57,2
DA:61,2
DA:62,1
DA:63,1
DA:67,47
DA:68,3
DA:69,3
DA:74,3
DA:75,1
DA:76,1
DA:79,2
DA:81,2
DA:90,2
DA:91,1
DA:92,1
DA:97,47
DA:98,2
DA:99,2
DA:102,47
DA:103,0
DA:106,0
DA:107,0
DA:113,0
DA:116,0
DA:117,0
DA:118,0
DA:120,0
DA:121,0
DA:124,0
DA:125,0
DA:130,0
DA:135,0
DA:138,47
DA:147,47
LF:63
LH:47
BRDA:9,0,0,4
BRDA:9,0,1,42
BRDA:22,1,0,10
BRDA:22,1,1,12
BRDA:33,2,0,1
BRDA:33,2,1,0
BRDA:33,3,0,1
BRDA:33,3,1,1
BRDA:35,4,0,0
BRDA:35,4,1,0
BRDA:61,5,0,1
BRDA:61,5,1,1
BRDA:74,6,0,1
BRDA:74,6,1,2
BRDA:79,7,0,2
BRDA:79,7,1,0
BRDA:90,8,0,1
BRDA:90,8,1,1
BRDA:99,9,0,1
BRDA:99,9,1,1
BRDA:103,10,0,0
BRDA:103,10,1,0
BRDA:106,11,0,0
BRDA:106,11,1,0
BRDA:106,12,0,0
BRDA:106,12,1,0
BRDA:113,13,0,0
BRDA:113,13,1,0
BRDA:120,14,0,0
BRDA:120,14,1,0
BRDA:120,15,0,0
BRDA:120,15,1,0
BRDA:124,16,0,0
BRDA:124,16,1,0
BRDA:124,17,0,0
BRDA:124,17,1,0
BRF:36
BRH:16
end_of_record
TN:
SF:src/contexts/RoomContext.tsx
FN:14,(anonymous_0)
FN:22,(anonymous_1)
FN:31,(anonymous_2)
FN:44,(anonymous_3)
FN:46,(anonymous_4)
FN:51,(anonymous_5)
FN:57,(anonymous_6)
FN:58,(anonymous_7)
FN:76,(anonymous_8)
FN:123,(anonymous_9)
FN:152,(anonymous_10)
FN:158,(anonymous_11)
FN:179,(anonymous_12)
FN:198,(anonymous_13)
FN:223,(anonymous_14)
FNF:15
FNH:0
FNDA:0,(anonymous_0)
FNDA:0,(anonymous_1)
FNDA:0,(anonymous_2)
FNDA:0,(anonymous_3)
FNDA:0,(anonymous_4)
FNDA:0,(anonymous_5)
FNDA:0,(anonymous_6)
FNDA:0,(anonymous_7)
FNDA:0,(anonymous_8)
FNDA:0,(anonymous_9)
FNDA:0,(anonymous_10)
FNDA:0,(anonymous_11)
FNDA:0,(anonymous_12)
FNDA:0,(anonymous_13)
FNDA:0,(anonymous_14)
DA:12,0
DA:14,0
DA:15,0
DA:16,0
DA:17,0
DA:19,0
DA:22,0
DA:23,0
DA:24,0
DA:25,0
DA:26,0
DA:27,0
DA:28,0
DA:31,0
DA:32,0
DA:34,0
DA:45,0
DA:46,0
DA:51,0
DA:52,0
DA:57,0
DA:58,0
DA:59,0
DA:60,0
DA:61,0
DA:64,0
DA:65,0
DA:66,0
DA:68,0
DA:69,0
DA:73,0
DA:76,0
DA:77,0
DA:78,0
DA:81,0
DA:82,0
DA:83,0
DA:86,0
DA:87,0
DA:88,0
DA:89,0
DA:93,0
DA:96,0
DA:100,0
DA:104,0
DA:115,0
DA:117,0
DA:119,0
DA:123,0
DA:124,0
DA:125,0
DA:127,0
DA:134,0
DA:137,0
DA:143,0
DA:145,0
DA:146,0
DA:148,0
DA:152,0
DA:153,0
DA:154,0
DA:155,0
DA:158,0
DA:159,0
DA:160,0
DA:163,0
DA:164,0
DA:167,0
DA:176,0
DA:179,0
DA:180,0
DA:181,0
DA:184,0
DA:185,0
DA:188,0
DA:189,0
DA:192,0
DA:193,0
DA:196,0
DA:197,0
DA:198,0
DA:201,0
DA:202,0
DA:203,0
DA:207,0
DA:216,0
DA:217,0
DA:219,0
DA:223,0
DA:227,0
DA:228,0
DA:231,0
DA:232,0
DA:235,0
DA:236,0
DA:237,0
DA:238,0
DA:240,0
DA:247,0
DA:254,0
DA:261,0
DA:262,0
DA:265,0
DA:266,0
DA:269,0
DA:270,0
DA:273,0
DA:280,0
DA:281,0
DA:282,0
DA:285,0
DA:286,0
DA:288,0
DA:292,0
DA:306,0
LF:115
LH:0
BRDA:16,0,0,0
BRDA:16,0,1,0
BRDA:32,1,0,0
BRDA:32,1,1,0
BRDA:59,2,0,0
BRDA:59,2,1,0
BRDA:77,3,0,0
BRDA:77,3,1,0
BRDA:77,4,0,0
BRDA:77,4,1,0
BRDA:86,5,0,0
BRDA:86,5,1,0
BRDA:93,6,0,0
BRDA:93,6,1,0
BRDA:115,7,0,0
BRDA:115,7,1,0
BRDA:134,8,0,0
BRDA:134,8,1,0
BRDA:143,9,0,0
BRDA:143,9,1,0
BRDA:146,10,0,0
BRDA:146,10,1,0
BRDA:159,11,0,0
BRDA:159,11,1,0
BRDA:159,12,0,0
BRDA:159,12,1,0
BRDA:163,13,0,0
BRDA:163,13,1,0
BRDA:176,14,0,0
BRDA:176,14,1,0
BRDA:180,15,0,0
BRDA:180,15,1,0
BRDA:180,16,0,0
BRDA:180,16,1,0
BRDA:184,17,0,0
BRDA:184,17,1,0
BRDA:188,18,0,0
BRDA:188,18,1,0
BRDA:196,19,0,0
BRDA:196,19,1,0
BRDA:198,20,0,0
BRDA:198,20,1,0
BRDA:201,21,0,0
BRDA:201,21,1,0
BRDA:227,22,0,0
BRDA:227,22,1,0
BRDA:227,23,0,0
BRDA:227,23,1,0
BRDA:231,24,0,0
BRDA:231,24,1,0
BRDA:237,25,0,0
BRDA:237,25,1,0
BRDA:238,26,0,0
BRDA:238,26,1,0
BRDA:242,27,0,0
BRDA:242,27,1,0
BRDA:261,28,0,0
BRDA:261,28,1,0
BRDA:269,29,0,0
BRDA:269,29,1,0
BRDA:280,30,0,0
BRDA:280,30,1,0
BRF:62
BRH:0
end_of_record
TN:
SF:src/pages/HomePage.tsx
FN:8,(anonymous_0)
FN:14,(anonymous_1)
FN:20,(anonymous_2)
FNF:3
FNH:0
FNDA:0,(anonymous_0)
FNDA:0,(anonymous_1)
FNDA:0,(anonymous_2)
DA:8,0
DA:9,0
DA:10,0
DA:11,0
DA:14,0
DA:15,0
DA:16,0
DA:20,0
DA:21,0
DA:25,0
DA:26,0
DA:36,0
DA:37,0
DA:41,0
DA:42,0
DA:59,0
LF:16
LH:0
BRDA:15,0,0,0
BRDA:15,0,1,0
BRDA:25,1,0,0
BRDA:25,1,1,0
BRDA:36,2,0,0
BRDA:36,2,1,0
BRDA:36,3,0,0
BRDA:36,3,1,0
BRDA:41,4,0,0
BRDA:41,4,1,0
BRDA:48,5,0,0
BRDA:48,5,1,0
BRF:12
BRH:0
end_of_record
TN:
SF:src/pages/ObserverView.tsx
FN:4,(anonymous_0)
FNF:1
FNH:0
FNDA:0,(anonymous_0)
DA:4,0
DA:5,0
LF:2
LH:0
BRF:0
BRH:0
end_of_record
TN:
SF:src/pages/RoomPage.tsx
FN:8,(anonymous_0)
FN:29,(anonymous_1)
FN:31,(anonymous_2)
FN:37,(anonymous_3)
FN:43,(anonymous_4)
FN:47,(anonymous_5)
FN:64,(anonymous_6)
FN:73,(anonymous_7)
FN:75,(anonymous_8)
FN:130,(anonymous_9)
FN:138,(anonymous_10)
FN:156,(anonymous_11)
FN:174,(anonymous_12)
FN:207,(anonymous_13)
FNF:14
FNH:0
FNDA:0,(anonymous_0)
FNDA:0,(anonymous_1)
FNDA:0,(anonymous_2)
FNDA:0,(anonymous_3)
FNDA:0,(anonymous_4)
FNDA:0,(anonymous_5)
FNDA:0,(anonymous_6)
FNDA:0,(anonymous_7)
FNDA:0,(anonymous_8)
FNDA:0,(anonymous_9)
FNDA:0,(anonymous_10)
FNDA:0,(anonymous_11)
FNDA:0,(anonymous_12)
FNDA:0,(anonymous_13)
DA:8,0
DA:9,0
DA:10,0
DA:21,0
DA:23,0
DA:24,0
DA:25,0
DA:26,0
DA:29,0
DA:30,0
DA:31,0
DA:32,0
DA:37,0
DA:38,0
DA:43,0
DA:44,0
DA:47,0
DA:48,0
DA:50,0
DA:52,0
DA:53,0
DA:54,0
DA:55,0
DA:57,0
DA:58,0
DA:60,0
DA:64,0
DA:65,0
DA:66,0
DA:68,0
DA:69,0
DA:73,0
DA:74,0
DA:75,0
DA:76,0
DA:77,0
DA:80,0
DA:81,0
DA:85,0
DA:86,0
DA:87,0
DA:89,0
DA:90,0
DA:99,0
DA:100,0
DA:111,0
DA:130,0
DA:138,0
DA:157,0
DA:174,0
DA:207,0
LF:51
LH:0
BRDA:30,0,0,0
BRDA:30,0,1,0
BRDA:50,1,0,0
BRDA:50,1,1,0
BRDA:50,2,0,0
BRDA:50,2,1,0
BRDA:76,3,0,0
BRDA:76,3,1,0
BRDA:85,4,0,0
BRDA:85,4,1,0
BRDA:86,5,0,0
BRDA:86,5,1,0
BRDA:86,5,2,0
BRDA:87,6,0,0
BRDA:87,6,1,0
BRDA:89,7,0,0
BRDA:89,7,1,0
BRDA:99,8,0,0
BRDA:99,8,1,0
BRDA:116,9,0,0
BRDA:116,9,1,0
BRDA:121,10,0,0
BRDA:121,10,1,0
BRDA:123,11,0,0
BRDA:123,11,1,0
BRDA:124,12,0,0
BRDA:124,12,1,0
BRDA:125,13,0,0
BRDA:125,13,1,0
BRDA:125,13,2,0
BRDA:136,14,0,0
BRDA:136,14,1,0
BRDA:139,15,0,0
BRDA:139,15,1,0
BRDA:142,16,0,0
BRDA:142,16,1,0
BRDA:151,17,0,0
BRDA:151,17,1,0
BRDA:160,18,0,0
BRDA:160,18,1,0
BRDA:160,19,0,0
BRDA:160,19,1,0
BRDA:161,20,0,0
BRDA:161,20,1,0
BRDA:169,21,0,0
BRDA:169,21,1,0
BRDA:181,22,0,0
BRDA:181,22,1,0
BRDA:183,23,0,0
BRDA:183,23,1,0
BRDA:188,24,0,0
BRDA:188,24,1,0
BRDA:188,24,2,0
BRDA:206,25,0,0
BRDA:206,25,1,0
BRF:55
BRH:0
end_of_record
TN:
SF:src/pages/StudentView.tsx
FN:4,(anonymous_0)
FNF:1
FNH:0
FNDA:0,(anonymous_0)
DA:4,0
DA:5,0
LF:2
LH:0
BRF:0
BRH:0
end_of_record
TN:
SF:src/pages/TutorView.tsx
FN:4,(anonymous_0)
FNF:1
FNH:0
FNDA:0,(anonymous_0)
DA:4,0
DA:5,0
LF:2
LH:0
BRF:0
BRH:0
end_of_record
TN:
SF:src/services/aiService.ts
FN:57,(anonymous_0)
FN:62,(anonymous_1)
FN:76,(anonymous_2)
FN:105,(anonymous_3)
FN:114,(anonymous_4)
FN:154,(anonymous_5)
FN:180,(anonymous_6)
FN:201,(anonymous_7)
FN:222,(anonymous_8)
FN:242,(anonymous_9)
FN:261,(anonymous_10)
FNF:11
FNH:0
FNDA:0,(anonymous_0)
FNDA:0,(anonymous_1)
FNDA:0,(anonymous_2)
FNDA:0,(anonymous_3)
FNDA:0,(anonymous_4)
FNDA:0,(anonymous_5)
FNDA:0,(anonymous_6)
FNDA:0,(anonymous_7)
FNDA:0,(anonymous_8)
FNDA:0,(anonymous_9)
FNDA:0,(anonymous_10)
DA:5,0
DA:29,0
DA:58,0
DA:59,0
DA:63,0
DA:65,0
DA:66,0
DA:69,0
DA:70,0
DA:73,0
DA:81,0
DA:82,0
DA:85,0
DA:94,0
DA:95,0
DA:96,0
DA:99,0
DA:111,0
DA:112,0
DA:114,0
DA:116,0
DA:118,0
DA:119,0
DA:122,0
DA:128,0
DA:130,0
DA:138,0
DA:140,0
DA:154,0
DA:159,0
DA:164,0
DA:170,0
DA:171,0
DA:174,0
DA:180,0
DA:181,0
DA:188,0
DA:189,0
DA:190,0
DA:192,0
DA:195,0
DA:201,0
DA:205,0
DA:212,0
DA:213,0
DA:216,0
DA:222,0
DA:223,0
DA:229,0
DA:230,0
DA:231,0
DA:233,0
DA:236,0
DA:242,0
DA:247,0
DA:253,0
DA:254,0
DA:261,0
DA:268,0
DA:269,0
DA:270,0
DA:274,0
DA:277,0
DA:278,0
DA:279,0
DA:285,0
DA:286,0
DA:290,0
DA:291,0
DA:295,0
DA:301,0
DA:302,0
DA:306,0
DA:321,0
DA:322,0
DA:326,0
DA:327,0
DA:329,0
LF:78
LH:0
BRDA:65,0,0,0
BRDA:65,0,1,0
BRDA:65,1,0,0
BRDA:65,1,1,0
BRDA:65,1,2,0
BRDA:65,1,3,0
BRDA:69,2,0,0
BRDA:69,2,1,0
BRDA:69,3,0,0
BRDA:69,3,1,0
BRDA:69,3,2,0
BRDA:73,4,0,0
BRDA:73,4,1,0
BRDA:94,5,0,0
BRDA:94,5,1,0
BRDA:118,6,0,0
BRDA:118,6,1,0
BRDA:125,7,0,0
BRDA:125,7,1,0
BRDA:145,8,0,0
BRDA:145,8,1,0
BRDA:156,9,0,0
BRDA:159,10,0,0
BRDA:159,10,1,0
BRDA:170,11,0,0
BRDA:170,11,1,0
BRDA:188,12,0,0
BRDA:188,12,1,0
BRDA:189,13,0,0
BRDA:189,13,1,0
BRDA:212,14,0,0
BRDA:212,14,1,0
BRDA:229,15,0,0
BRDA:229,15,1,0
BRDA:230,16,0,0
BRDA:230,16,1,0
BRDA:253,17,0,0
BRDA:253,17,1,0
BRDA:269,18,0,0
BRDA:269,18,1,0
BRDA:269,19,0,0
BRDA:269,19,1,0
BRDA:278,20,0,0
BRDA:278,20,1,0
BRDA:278,21,0,0
BRDA:278,21,1,0
BRDA:285,22,0,0
BRDA:285,22,1,0
BRDA:285,23,0,0
BRDA:285,23,1,0
BRDA:290,24,0,0
BRDA:290,24,1,0
BRDA:301,25,0,0
BRDA:301,25,1,0
BRDA:302,26,0,0
BRDA:302,26,1,0
BRDA:321,27,0,0
BRDA:321,27,1,0
BRF:58
BRH:0
end_of_record
TN:
SF:src/services/supabase.ts
FN:21,(anonymous_0)
FN:28,(anonymous_1)
FN:34,(anonymous_2)
FN:46,(anonymous_3)
FNF:4
FNH:4
FNDA:2,(anonymous_0)
FNDA:2,(anonymous_1)
FNDA:2,(anonymous_2)
FNDA:2,(anonymous_3)
DA:4,3
DA:5,3
DA:7,3
DA:21,3
DA:22,2
DA:23,0
DA:24,0
DA:28,3
DA:29,2
DA:30,0
DA:34,3
DA:35,2
DA:41,0
DA:42,0
DA:46,3
DA:47,2
DA:54,0
DA:55,0
LF:18
LH:11
BRDA:23,0,0,0
BRDA:23,0,1,0
BRDA:30,1,0,0
BRDA:30,1,1,0
BRDA:41,2,0,0
BRDA:41,2,1,0
BRDA:54,3,0,0
BRDA:54,3,1,0
BRF:8
BRH:0
end_of_record
TN:
SF:src/types/database.ts
FNF:0
FNH:0
LF:0
LH:0
BRF:0
BRH:0
end_of_record
TN:
SF:src/types/index.ts
FNF:0
FNH:0
LF:0
LH:0
BRF:0
BRH:0
end_of_record
TN:
SF:src/utils/testCoverage.ts
FN:77,(anonymous_0)
FN:115,(anonymous_1)
FN:164,(anonymous_2)
FN:216,(anonymous_3)
FN:219,(anonymous_4)
FN:220,(anonymous_5)
FN:221,(anonymous_6)
FN:222,(anonymous_7)
FN:247,(anonymous_8)
FN:255,(anonymous_9)
FN:257,(anonymous_10)
FN:259,(anonymous_11)
FN:266,(anonymous_12)
FNF:13
FNH:13
FNDA:3,(anonymous_0)
FNDA:3,(anonymous_1)
FNDA:3,(anonymous_2)
FNDA:12,(anonymous_3)
FNDA:224,(anonymous_4)
FNDA:224,(anonymous_5)
FNDA:224,(anonymous_6)
FNDA:224,(anonymous_7)
FNDA:2,(anonymous_8)
FNDA:1,(anonymous_9)
FNDA:3,(anonymous_10)
FNDA:3,(anonymous_11)
FNDA:3,(anonymous_12)
DA:36,1
DA:78,3
DA:104,3
DA:106,3
DA:116,3
DA:153,3
DA:155,3
DA:165,3
DA:205,3
DA:207,3
DA:217,12
DA:218,12
DA:219,224
DA:220,224
DA:221,224
DA:222,224
DA:229,12
DA:230,12
DA:231,12
DA:233,12
DA:239,12
DA:248,2
DA:256,1
DA:257,3
DA:258,1
DA:259,3
DA:262,1
DA:263,1
DA:264,1
DA:266,1
DA:267,3
DA:268,3
DA:269,3
DA:270,3
DA:271,3
DA:274,1
DA:275,1
DA:276,1
DA:277,1
DA:278,1
DA:280,1
DA:281,1
DA:282,0
DA:283,0
DA:284,0
DA:285,0
DA:287,0
DA:290,1
DA:292,1
LF:49
LH:44
BRDA:280,0,0,1
BRDA:280,0,1,0
BRDA:282,1,0,0
BRDA:282,1,1,0
BRDA:284,2,0,0
BRDA:284,2,1,0
BRF:6
BRH:1
end_of_record
